2021-10-25 17:20:40,488 [INFO] Activator:177 - 


2021-10-25 17:20:40,489 [INFO] Activator:178 - !SESSION log4j initialized
2021-10-25 17:21:47,282 [INFO] Activator:177 - 


2021-10-25 17:21:47,284 [INFO] Activator:178 - !SESSION log4j initialized
2021-10-25 17:22:06,642 [INFO] McuFinderGlobals:39 - Set McuFinder mode to 2 (CubeIDE integrated)
2021-10-25 17:22:06,699 [INFO] ApplicationProperties:181 - Using Application install path: /home/cthornton/st/stm32cubeide_1.7.0/plugins/com.st.stm32cube.common.mx_6.3.0.202107141111
2021-10-25 17:22:06,707 [INFO] DbMcusXml:74 - Set database path to: /home/cthornton/st/stm32cubeide_1.7.0/plugins/com.st.stm32cube.common.mx_6.3.0.202107141111//db//mcu/
2021-10-25 17:22:06,710 [INFO] DbBoardsPdsc:56 - Set plugin database path to: /home/cthornton/st/stm32cubeide_1.7.0/plugins/com.st.stm32cube.common.mx_6.3.0.202107141111//db//plugins/boardmanager/
2021-10-25 17:22:06,710 [INFO] DbMcus:258 - Set plugin images path to: /home/cthornton/st/stm32cubeide_1.7.0/plugins/com.st.stm32cube.common.mx_6.3.0.202107141111//db//plugins/mcufinder/images/
2021-10-25 17:22:06,710 [INFO] DbBoards:264 - Set plugin images path to: /home/cthornton/st/stm32cubeide_1.7.0/plugins/com.st.stm32cube.common.mx_6.3.0.202107141111//db//plugins/mcufinder/images/
2021-10-25 17:22:06,713 [INFO] DbExamples:333 - Set plugin images path to: /home/cthornton/st/stm32cubeide_1.7.0/plugins/com.st.stm32cube.common.mx_6.3.0.202107141111//db//plugins/mcufinder/images/
2021-10-25 17:22:06,715 [INFO] DbMcusAds:119 - Set database path to: /home/cthornton/.stmcufinder/plugins/mcufinder//mcu/
2021-10-25 17:22:06,716 [INFO] DbMcusDocs:110 - Set database path to: /home/cthornton/.stmcufinder/plugins/mcufinder//mcu/
2021-10-25 17:22:06,717 [INFO] DbMcusJson:64 - Set database path to: /home/cthornton/.stmcufinder/plugins/mcufinder//mcu/
2021-10-25 17:22:06,718 [INFO] DbBoardsDocs:110 - Set database path to: /home/cthornton/.stmcufinder/plugins/mcufinder//mcu/
2021-10-25 17:22:06,719 [INFO] DbBoardsJson:57 - Set database path to: /home/cthornton/.stmcufinder/plugins/mcufinder//mcu/
2021-10-25 17:22:06,738 [INFO] CrossReferenceDbSqlite:196 - Set database path to: /home/cthornton/.stmcufinder/plugins/mcufinder//mcu/cs/
2021-10-25 17:22:06,741 [INFO] DbExamplesSqlite:767 - Set database path to: /home/cthornton/.stmcufinder/plugins/mcufinder//mcu/
2021-10-25 17:22:06,831 [INFO] RulesReader:57 - Compatibility file has been processed (242 Rules)
2021-10-25 17:22:06,875 [INFO] DbMcusXml:74 - Set database path to: /home/cthornton/st/stm32cubeide_1.7.0/plugins/com.st.stm32cube.common.mx_6.3.0.202107141111//db//mcu/
2021-10-25 17:22:06,876 [INFO] DbBoardsPdsc:56 - Set plugin database path to: /home/cthornton/st/stm32cubeide_1.7.0/plugins/com.st.stm32cube.common.mx_6.3.0.202107141111//db//plugins/boardmanager/
2021-10-25 17:22:06,877 [INFO] DbMcus:258 - Set plugin images path to: /home/cthornton/st/stm32cubeide_1.7.0/plugins/com.st.stm32cube.common.mx_6.3.0.202107141111//db//plugins/mcufinder/images/
2021-10-25 17:22:06,877 [INFO] DbBoards:264 - Set plugin images path to: /home/cthornton/st/stm32cubeide_1.7.0/plugins/com.st.stm32cube.common.mx_6.3.0.202107141111//db//plugins/mcufinder/images/
2021-10-25 17:22:06,877 [INFO] DbExamples:333 - Set plugin images path to: /home/cthornton/st/stm32cubeide_1.7.0/plugins/com.st.stm32cube.common.mx_6.3.0.202107141111//db//plugins/mcufinder/images/
2021-10-25 17:22:06,877 [WARN] DbFile:35 - Overriding database path with different value: /home/cthornton/.stmcufinder/plugins/mcufinder/ => /home/cthornton/.stmcufinder/plugins/mcufinder
2021-10-25 17:22:06,877 [INFO] DbMcusAds:119 - Set database path to: /home/cthornton/.stmcufinder/plugins/mcufinder//mcu/
2021-10-25 17:22:06,878 [WARN] DbFile:35 - Overriding database path with different value: /home/cthornton/.stmcufinder/plugins/mcufinder/ => /home/cthornton/.stmcufinder/plugins/mcufinder
2021-10-25 17:22:06,878 [INFO] DbMcusDocs:110 - Set database path to: /home/cthornton/.stmcufinder/plugins/mcufinder//mcu/
2021-10-25 17:22:06,878 [WARN] DbFile:35 - Overriding database path with different value: /home/cthornton/.stmcufinder/plugins/mcufinder/ => /home/cthornton/.stmcufinder/plugins/mcufinder
2021-10-25 17:22:06,878 [INFO] DbMcusJson:64 - Set database path to: /home/cthornton/.stmcufinder/plugins/mcufinder//mcu/
2021-10-25 17:22:06,878 [WARN] DbFile:35 - Overriding database path with different value: /home/cthornton/.stmcufinder/plugins/mcufinder/ => /home/cthornton/.stmcufinder/plugins/mcufinder
2021-10-25 17:22:06,878 [INFO] DbBoardsDocs:110 - Set database path to: /home/cthornton/.stmcufinder/plugins/mcufinder//mcu/
2021-10-25 17:22:06,878 [WARN] DbFile:35 - Overriding database path with different value: /home/cthornton/.stmcufinder/plugins/mcufinder/ => /home/cthornton/.stmcufinder/plugins/mcufinder
2021-10-25 17:22:06,879 [INFO] DbBoardsJson:57 - Set database path to: /home/cthornton/.stmcufinder/plugins/mcufinder//mcu/
2021-10-25 17:22:06,879 [WARN] DbFile:35 - Overriding database path with different value: /home/cthornton/.stmcufinder/plugins/mcufinder/ => /home/cthornton/.stmcufinder/plugins/mcufinder
2021-10-25 17:22:06,879 [WARN] DbFile:35 - Overriding database path with different value: /home/cthornton/.stmcufinder/plugins/mcufinder/ => /home/cthornton/.stmcufinder/plugins/mcufinder
2021-10-25 17:22:06,879 [INFO] CrossReferenceDbSqlite:196 - Set database path to: /home/cthornton/.stmcufinder/plugins/mcufinder//mcu/cs/
2021-10-25 17:22:06,879 [WARN] DbFile:35 - Overriding database path with different value: /home/cthornton/.stmcufinder/plugins/mcufinder/ => /home/cthornton/.stmcufinder/plugins/mcufinder
2021-10-25 17:22:06,879 [INFO] DbExamplesSqlite:767 - Set database path to: /home/cthornton/.stmcufinder/plugins/mcufinder//mcu/
2021-10-25 17:22:06,921 [INFO] MainPanel:214 - HeapMemory: 268435456
2021-10-25 17:22:06,970 [INFO] DbMcusXml:74 - Set database path to: /home/cthornton/st/stm32cubeide_1.7.0/plugins/com.st.stm32cube.common.mx_6.3.0.202107141111//db//mcu/
2021-10-25 17:22:06,970 [INFO] DbBoardsPdsc:56 - Set plugin database path to: /home/cthornton/st/stm32cubeide_1.7.0/plugins/com.st.stm32cube.common.mx_6.3.0.202107141111//db//plugins/boardmanager/
2021-10-25 17:22:06,970 [INFO] DbMcus:258 - Set plugin images path to: /home/cthornton/st/stm32cubeide_1.7.0/plugins/com.st.stm32cube.common.mx_6.3.0.202107141111//db//plugins/mcufinder/images/
2021-10-25 17:22:06,970 [INFO] DbBoards:264 - Set plugin images path to: /home/cthornton/st/stm32cubeide_1.7.0/plugins/com.st.stm32cube.common.mx_6.3.0.202107141111//db//plugins/mcufinder/images/
2021-10-25 17:22:06,970 [INFO] DbExamples:333 - Set plugin images path to: /home/cthornton/st/stm32cubeide_1.7.0/plugins/com.st.stm32cube.common.mx_6.3.0.202107141111//db//plugins/mcufinder/images/
2021-10-25 17:22:06,971 [WARN] DbFile:35 - Overriding database path with different value: /home/cthornton/.stmcufinder/plugins/mcufinder/ => /home/cthornton/.stmcufinder/plugins/mcufinder
2021-10-25 17:22:06,971 [INFO] DbMcusAds:119 - Set database path to: /home/cthornton/.stmcufinder/plugins/mcufinder//mcu/
2021-10-25 17:22:06,971 [WARN] DbFile:35 - Overriding database path with different value: /home/cthornton/.stmcufinder/plugins/mcufinder/ => /home/cthornton/.stmcufinder/plugins/mcufinder
2021-10-25 17:22:06,971 [INFO] DbMcusDocs:110 - Set database path to: /home/cthornton/.stmcufinder/plugins/mcufinder//mcu/
2021-10-25 17:22:06,971 [WARN] DbFile:35 - Overriding database path with different value: /home/cthornton/.stmcufinder/plugins/mcufinder/ => /home/cthornton/.stmcufinder/plugins/mcufinder
2021-10-25 17:22:06,971 [INFO] DbMcusJson:64 - Set database path to: /home/cthornton/.stmcufinder/plugins/mcufinder//mcu/
2021-10-25 17:22:06,971 [WARN] DbFile:35 - Overriding database path with different value: /home/cthornton/.stmcufinder/plugins/mcufinder/ => /home/cthornton/.stmcufinder/plugins/mcufinder
2021-10-25 17:22:06,972 [INFO] DbBoardsDocs:110 - Set database path to: /home/cthornton/.stmcufinder/plugins/mcufinder//mcu/
2021-10-25 17:22:06,972 [WARN] DbFile:35 - Overriding database path with different value: /home/cthornton/.stmcufinder/plugins/mcufinder/ => /home/cthornton/.stmcufinder/plugins/mcufinder
2021-10-25 17:22:06,972 [INFO] DbBoardsJson:57 - Set database path to: /home/cthornton/.stmcufinder/plugins/mcufinder//mcu/
2021-10-25 17:22:06,972 [WARN] DbFile:35 - Overriding database path with different value: /home/cthornton/.stmcufinder/plugins/mcufinder/ => /home/cthornton/.stmcufinder/plugins/mcufinder
2021-10-25 17:22:06,972 [WARN] DbFile:35 - Overriding database path with different value: /home/cthornton/.stmcufinder/plugins/mcufinder/ => /home/cthornton/.stmcufinder/plugins/mcufinder
2021-10-25 17:22:06,972 [INFO] CrossReferenceDbSqlite:196 - Set database path to: /home/cthornton/.stmcufinder/plugins/mcufinder//mcu/cs/
2021-10-25 17:22:06,972 [WARN] DbFile:35 - Overriding database path with different value: /home/cthornton/.stmcufinder/plugins/mcufinder/ => /home/cthornton/.stmcufinder/plugins/mcufinder
2021-10-25 17:22:06,973 [INFO] DbExamplesSqlite:767 - Set database path to: /home/cthornton/.stmcufinder/plugins/mcufinder//mcu/
2021-10-25 17:22:06,982 [INFO] ApplicationProperties:181 - Using Application install path: /home/cthornton/st/stm32cubeide_1.7.0/plugins/com.st.stm32cube.common.mx_6.3.0.202107141111
2021-10-25 17:22:06,983 [INFO] PluginManage:188 - Search for loadable plugins [exclusion list=, ]
2021-10-25 17:22:06,984 [INFO] PluginManage:302 - Check plugin analytics
2021-10-25 17:22:07,082 [INFO] AnalyticsPlugin:257 - Accepted Software Licenses: 
2021-10-25 17:22:07,082 [INFO] AnalyticsPlugin:259 - Accepted CMSIS Pack Licenses: 
2021-10-25 17:22:07,082 [INFO] AnalyticsPlugin:261 - Accepted Firmware Licenses: 
2021-10-25 17:22:07,083 [INFO] PluginManage:352 - Loaded plugin analytics (category:tool,tabindex:-1)
2021-10-25 17:22:07,083 [INFO] PluginManage:302 - Check plugin clock
2021-10-25 17:22:07,091 [INFO] PluginManage:352 - Loaded plugin clock (category:base,tabindex:2)
2021-10-25 17:22:07,091 [INFO] PluginManage:302 - Check plugin ddr
2021-10-25 17:22:07,092 [INFO] PluginManage:352 - Loaded plugin ddr (category:tool,tabindex:6)
2021-10-25 17:22:07,093 [INFO] PluginManage:302 - Check plugin filemanager
2021-10-25 17:22:07,174 [INFO] PluginManage:352 - Loaded plugin filemanager (category:base,tabindex:10)
2021-10-25 17:22:07,174 [INFO] PluginManage:302 - Check plugin ipmanager
2021-10-25 17:22:07,178 [INFO] PluginManage:352 - Loaded plugin ipmanager (category:base,tabindex:5)
2021-10-25 17:22:07,178 [INFO] PluginManage:302 - Check plugin pinoutandconfiguration
2021-10-25 17:22:07,184 [INFO] PluginManage:352 - Loaded plugin pinoutandconfiguration (category:base,tabindex:1)
2021-10-25 17:22:07,184 [INFO] PluginManage:302 - Check plugin pinoutconfig
2021-10-25 17:22:07,204 [INFO] PluginManage:352 - Loaded plugin pinoutconfig (category:base,tabindex:0)
2021-10-25 17:22:07,205 [INFO] PluginManage:302 - Check plugin power
2021-10-25 17:22:07,212 [INFO] PluginManage:352 - Loaded plugin power (category:power,tabindex:4)
2021-10-25 17:22:07,212 [INFO] PluginManage:302 - Check plugin projectmanager
2021-10-25 17:22:07,224 [INFO] PluginManage:352 - Loaded plugin projectmanager (category:projectmanager,tabindex:3)
2021-10-25 17:22:07,224 [INFO] PluginManage:302 - Check plugin thirdparty
2021-10-25 17:22:07,306 [WARN] IntegrityCheckThread:78 - waiting for thirdparty lock release [integrity check]
2021-10-25 17:22:07,307 [INFO] PluginManage:352 - Loaded plugin thirdparty (category:base,tabindex:-1)
2021-10-25 17:22:07,307 [INFO] IntegrityCheckThread:80 - entering critical section [integrity check]
2021-10-25 17:22:07,308 [INFO] PluginManage:302 - Check plugin tools
2021-10-25 17:22:07,308 [INFO] ThirdPartyUpdaterWithRetryManager:66 - Updater plugin not ready yet. [1/15]
2021-10-25 17:22:07,310 [INFO] PluginManage:352 - Loaded plugin tools (category:base,tabindex:7)
2021-10-25 17:22:07,310 [INFO] PluginManage:302 - Check plugin tutovideos
2021-10-25 17:22:07,478 [INFO] PluginManage:352 - Loaded plugin tutovideos (category:base,tabindex:-1)
2021-10-25 17:22:07,478 [INFO] PluginManage:302 - Check plugin updater
2021-10-25 17:22:07,487 [INFO] PluginManage:352 - Loaded plugin updater (category:base,tabindex:12)
2021-10-25 17:22:07,487 [INFO] PluginManage:275 - PluginManage : Loaded plugins [13]
2021-10-25 17:22:07,640 [INFO] PinOutPanel:1463 - setPackage(No Configuration,No Configuration)
2021-10-25 17:22:07,696 [INFO] IPUIPlugin:74 - create IPUIPlugin
2021-10-25 17:22:07,696 [INFO] PluginManager:213 - loadIPPluginJar : add dfsdm
2021-10-25 17:22:07,699 [INFO] IPUIPlugin:74 - create IPUIPlugin
2021-10-25 17:22:07,699 [INFO] PluginManager:213 - loadIPPluginJar : add spi
2021-10-25 17:22:07,701 [INFO] IPUIPlugin:74 - create IPUIPlugin
2021-10-25 17:22:07,702 [INFO] PluginManager:213 - loadIPPluginJar : add sai
2021-10-25 17:22:07,703 [INFO] IPUIPlugin:74 - create IPUIPlugin
2021-10-25 17:22:07,703 [INFO] PluginManager:213 - loadIPPluginJar : add tim
2021-10-25 17:22:07,704 [INFO] IPUIPlugin:74 - create IPUIPlugin
2021-10-25 17:22:07,705 [INFO] PluginManager:213 - loadIPPluginJar : add i2s
2021-10-25 17:22:07,709 [INFO] IPUIPlugin:74 - create IPUIPlugin
2021-10-25 17:22:07,709 [INFO] PluginManager:213 - loadIPPluginJar : add fmc
2021-10-25 17:22:07,713 [INFO] IPUIPlugin:74 - create IPUIPlugin
2021-10-25 17:22:07,713 [INFO] PluginManager:213 - loadIPPluginJar : add adc
2021-10-25 17:22:07,715 [INFO] IPUIPlugin:74 - create IPUIPlugin
2021-10-25 17:22:07,716 [INFO] PluginManager:213 - loadIPPluginJar : add gtzc
2021-10-25 17:22:07,720 [INFO] IPUIPlugin:74 - create IPUIPlugin
2021-10-25 17:22:07,721 [INFO] PluginManager:213 - loadIPPluginJar : add freertos
2021-10-25 17:22:07,722 [INFO] IPUIPlugin:74 - create IPUIPlugin
2021-10-25 17:22:07,722 [INFO] PluginManager:213 - loadIPPluginJar : add ts
2021-10-25 17:22:07,727 [INFO] IPUIPlugin:74 - create IPUIPlugin
2021-10-25 17:22:07,729 [INFO] PluginManager:213 - loadIPPluginJar : add plateformsettings
2021-10-25 17:22:07,731 [INFO] IPUIPlugin:74 - create IPUIPlugin
2021-10-25 17:22:07,731 [INFO] PluginManager:213 - loadIPPluginJar : add openamp
2021-10-25 17:22:07,733 [INFO] IPUIPlugin:74 - create IPUIPlugin
2021-10-25 17:22:07,733 [INFO] PluginManager:213 - loadIPPluginJar : add aes
2021-10-25 17:22:07,737 [INFO] IPUIPlugin:74 - create IPUIPlugin
2021-10-25 17:22:07,738 [INFO] PluginManager:213 - loadIPPluginJar : add dma
2021-10-25 17:22:07,739 [INFO] IPUIPlugin:74 - create IPUIPlugin
2021-10-25 17:22:07,739 [INFO] PluginManager:213 - loadIPPluginJar : add quadspi
2021-10-25 17:22:07,741 [INFO] IPUIPlugin:74 - create IPUIPlugin
2021-10-25 17:22:07,742 [INFO] PluginManager:213 - loadIPPluginJar : add mdma
2021-10-25 17:22:07,744 [INFO] IPUIPlugin:74 - create IPUIPlugin
2021-10-25 17:22:07,744 [INFO] PluginManager:213 - loadIPPluginJar : add nvic
2021-10-25 17:22:07,746 [INFO] IPUIPlugin:74 - create IPUIPlugin
2021-10-25 17:22:07,746 [INFO] PluginManager:213 - loadIPPluginJar : add pdm2pcm
2021-10-25 17:22:07,748 [INFO] IPUIPlugin:74 - create IPUIPlugin
2021-10-25 17:22:07,748 [INFO] PluginManager:213 - loadIPPluginJar : add ucpd
2021-10-25 17:22:07,750 [INFO] IPUIPlugin:74 - create IPUIPlugin
2021-10-25 17:22:07,751 [INFO] PluginManager:213 - loadIPPluginJar : add stm32_wpan
2021-10-25 17:22:07,752 [INFO] IPUIPlugin:74 - create IPUIPlugin
2021-10-25 17:22:07,753 [INFO] PluginManager:213 - loadIPPluginJar : add usbx
2021-10-25 17:22:07,755 [INFO] IPUIPlugin:74 - create IPUIPlugin
2021-10-25 17:22:07,755 [INFO] PluginManager:213 - loadIPPluginJar : add resmgrutility
2021-10-25 17:22:07,758 [INFO] IPUIPlugin:74 - create IPUIPlugin
2021-10-25 17:22:07,758 [INFO] PluginManager:213 - loadIPPluginJar : add ipddr
2021-10-25 17:22:07,760 [INFO] IPUIPlugin:74 - create IPUIPlugin
2021-10-25 17:22:07,760 [INFO] PluginManager:213 - loadIPPluginJar : add cryp
2021-10-25 17:22:07,761 [INFO] IPUIPlugin:74 - create IPUIPlugin
2021-10-25 17:22:07,761 [INFO] PluginManager:213 - loadIPPluginJar : add tsc
2021-10-25 17:22:07,766 [INFO] IPUIPlugin:74 - create IPUIPlugin
2021-10-25 17:22:07,766 [INFO] PluginManager:213 - loadIPPluginJar : add linkedlist
2021-10-25 17:22:07,767 [INFO] IPUIPlugin:74 - create IPUIPlugin
2021-10-25 17:22:07,768 [INFO] PluginManager:213 - loadIPPluginJar : add dma3
2021-10-25 17:22:07,769 [INFO] IPUIPlugin:74 - create IPUIPlugin
2021-10-25 17:22:07,769 [INFO] PluginManager:213 - loadIPPluginJar : add usart
2021-10-25 17:22:07,771 [INFO] IPUIPlugin:74 - create IPUIPlugin
2021-10-25 17:22:07,771 [INFO] PluginManager:213 - loadIPPluginJar : add gpio
2021-10-25 17:22:07,774 [INFO] IPUIPlugin:74 - create IPUIPlugin
2021-10-25 17:22:07,775 [INFO] PluginManager:213 - loadIPPluginJar : add gic
2021-10-25 17:22:07,775 [INFO] IPUIPlugin:74 - create IPUIPlugin
2021-10-25 17:22:07,775 [INFO] PluginManager:213 - loadIPPluginJar : add ltdc
2021-10-25 17:22:07,777 [INFO] IPUIPlugin:74 - create IPUIPlugin
2021-10-25 17:22:07,777 [INFO] PluginManager:213 - loadIPPluginJar : add opamp
2021-10-25 17:22:07,778 [INFO] IPUIPlugin:74 - create IPUIPlugin
2021-10-25 17:22:07,779 [INFO] PluginManager:213 - loadIPPluginJar : add i2c
2021-10-25 17:22:07,780 [INFO] IPUIPlugin:74 - create IPUIPlugin
2021-10-25 17:22:07,780 [INFO] PluginManager:213 - loadIPPluginJar : add genericplugin
2021-10-25 17:22:07,781 [INFO] IPUIPlugin:74 - create IPUIPlugin
2021-10-25 17:22:07,781 [INFO] PluginManager:213 - loadIPPluginJar : add comp
2021-10-25 17:22:07,782 [INFO] IPUIPlugin:74 - create IPUIPlugin
2021-10-25 17:22:07,783 [INFO] PluginManager:213 - loadIPPluginJar : add touchsensing
2021-10-25 17:22:07,784 [INFO] IPUIPlugin:74 - create IPUIPlugin
2021-10-25 17:22:07,784 [INFO] PluginManager:213 - loadIPPluginJar : add lorawan
2021-10-25 17:22:07,784 [INFO] IPUIPlugin:74 - create IPUIPlugin
2021-10-25 17:22:07,785 [INFO] PluginManager:213 - loadIPPluginJar : add fatfs
2021-10-25 17:22:07,786 [INFO] IPUIPlugin:74 - create IPUIPlugin
2021-10-25 17:22:07,786 [INFO] PluginManager:213 - loadIPPluginJar : add hash
2021-10-25 17:22:07,787 [INFO] IPUIPlugin:74 - create IPUIPlugin
2021-10-25 17:22:07,787 [INFO] PluginManager:213 - loadIPPluginJar : add tracer_emb
2021-10-25 17:22:07,788 [INFO] IPUIPlugin:74 - create IPUIPlugin
2021-10-25 17:22:07,788 [INFO] PluginManager:213 - loadIPPluginJar : add gfxmmu
2021-10-25 17:22:07,790 [INFO] IPUIPlugin:74 - create IPUIPlugin
2021-10-25 17:22:07,790 [INFO] PluginManager:213 - loadIPPluginJar : add can
2021-10-25 17:22:08,005 [FATAL] Updater:294 - Updater called before beeing initialized
2021-10-25 17:22:08,066 [FATAL] Updater:294 - Updater called before beeing initialized
2021-10-25 17:22:08,069 [INFO] DbMcusAds:47 - JSON generation date=Thu Sep 30 01:55:09 CDT 2021 (1632984909289)
2021-10-25 17:22:08,070 [FATAL] Updater:294 - Updater called before beeing initialized
2021-10-25 17:22:08,100 [WARN] DetailPanel:314 - Failed to get advertising image, set to default
2021-10-25 17:22:08,163 [FATAL] Updater:294 - Updater called before beeing initialized
2021-10-25 17:22:08,165 [FATAL] Updater:294 - Updater called before beeing initialized
2021-10-25 17:22:08,165 [FATAL] Updater:294 - Updater called before beeing initialized
2021-10-25 17:22:08,165 [WARN] DetailPanel:314 - Failed to get advertising image, set to default
2021-10-25 17:22:08,166 [FATAL] Updater:294 - Updater called before beeing initialized
2021-10-25 17:22:08,190 [ERROR] Updater:1075 - MainUpdater not yet initialized. External WinMGr cannot be set.
2021-10-25 17:22:08,192 [INFO] Updater:1012 - Updater Version found : 6.3.0
2021-10-25 17:22:08,203 [INFO] ApplicationProperties:181 - Using Application install path: /home/cthornton/st/stm32cubeide_1.7.0/plugins/com.st.stm32cube.common.mx_6.3.0.202107141111
2021-10-25 17:22:08,363 [INFO] MainUpdater:2671 - connection check result : 10
2021-10-25 17:22:08,365 [INFO] MainUpdater:265 - Updater Check For Update Now.
2021-10-25 17:22:08,365 [INFO] MicroXplorer:478 - Change Database Version : DB.6.0.30
2021-10-25 17:22:08,525 [INFO] CheckServerUpdateThread:112 - End of CheckServer Thread
2021-10-25 17:22:08,577 [INFO] MainUpdater:2671 - connection check result : 10
2021-10-25 17:22:08,750 [INFO] McuFinderGlobals:52 - Set McuFinderConnectedMode to false
2021-10-25 17:22:08,811 [INFO] CrossSelectorPresenter:1330 - Cross Selector saved comparison directory: /home/cthornton/.stmcufinder/plugins/mcufinder/mcu/cs_comparisons_mx
2021-10-25 17:22:08,816 [INFO] MultiScanPanel:197 - Auto-refresh data requested => check proxy status ongoing
2021-10-25 17:22:08,816 [INFO] MultiScanPanel:201 - Proxy status is invalid
2021-10-25 17:22:08,818 [INFO] FinderPluginLoader:87 - Searching for filters in installed packs
2021-10-25 17:22:08,819 [INFO] DbMcusXml:100 - Load MCU database from /home/cthornton/st/stm32cubeide_1.7.0/plugins/com.st.stm32cube.common.mx_6.3.0.202107141111//db//mcu/families.xml
2021-10-25 17:22:10,007 [INFO] DbMcusJson:93 - JSON generation date=Mon Jun 07 03:53:21 CDT 2021 (1623056001)
2021-10-25 17:22:10,421 [WARN] PackLoader:238 - Cannot read IP mode file for RoweBots.I-CUBE-UNISONRTOS.5.5.0-4
2021-10-25 17:22:10,570 [WARN] PackLoader:238 - Cannot read IP mode file for STMicroelectronics.X-CUBE-MEMS1.9.0.0
2021-10-25 17:22:10,851 [WARN] PackLoader:238 - Cannot read IP mode file for SEGGER.I-CUBE-embOS.1.2.0
2021-10-25 17:22:10,963 [WARN] PackLoader:238 - Cannot read IP mode file for STMicroelectronics.X-CUBE-BLE1.6.2.1
2021-10-25 17:22:10,967 [WARN] PackLoader:238 - Cannot read IP mode file for STMicroelectronics.X-CUBE-BLE2.3.2.1
2021-10-25 17:22:10,973 [WARN] PackLoader:238 - Cannot read IP mode file for STMicroelectronics.X-CUBE-BLE2.3.2.2
2021-10-25 17:22:10,979 [WARN] PackLoader:238 - Cannot read IP mode file for STMicroelectronics.X-CUBE-NFC4.2.0.3
2021-10-25 17:22:10,984 [WARN] PackLoader:238 - Cannot read IP mode file for wolfSSL.I-CUBE-wolfSSL.4.8.0
2021-10-25 17:22:10,985 [INFO] DbMcus:175 - Found 1951 MCUs (1903 are supported by CubeMX, 1903 are visible in CubeMX)
2021-10-25 17:22:10,985 [INFO] ApiDb:251 - Load user favorites file /home/cthornton/.stm32cubeide/favorites.mcus.txt: 0 item(s)
2021-10-25 17:22:10,985 [INFO] ApiDb:255 - User favorites MCUs=[]
2021-10-25 17:22:10,985 [INFO] DbMcus:187 - Set 0 / 0 favorites MCUs
2021-10-25 17:22:10,987 [WARN] PackLoader:238 - Cannot read IP mode file for STMicroelectronics.X-CUBE-TOUCHGFX.4.17.0
2021-10-25 17:22:11,001 [WARN] PackLoader:238 - Cannot read IP mode file for STMicroelectronics.X-CUBE-SFXS2LP1.3.1.0
2021-10-25 17:22:11,037 [WARN] PackLoader:238 - Cannot read IP mode file for STMicroelectronics.X-CUBE-AZRTOS-F4.1.0.0
2021-10-25 17:22:11,072 [WARN] PackLoader:238 - Cannot read IP mode file for STMicroelectronics.X-CUBE-AZRTOS-H7.2.0.0
2021-10-25 17:22:11,089 [WARN] PackLoader:238 - Cannot read IP mode file for STMicroelectronics.X-CUBE-AZRTOS-L4.1.0.0
2021-10-25 17:22:11,095 [WARN] PackLoader:238 - Cannot read IP mode file for STMicroelectronics.X-CUBE-TOF1.2.0.0
2021-10-25 17:22:11,104 [WARN] PackLoader:238 - Cannot read IP mode file for STMicroelectronics.X-CUBE-SUBG2.4.2.0
2021-10-25 17:22:11,111 [WARN] PackLoader:238 - Cannot read IP mode file for STMicroelectronics.X-CUBE-ALS.1.0.1
2021-10-25 17:22:11,113 [WARN] PackLoader:238 - Cannot read IP mode file for STMicroelectronics.X-CUBE-AI.7.0.0
2021-10-25 17:22:11,117 [WARN] PackLoader:238 - Cannot read IP mode file for STMicroelectronics.X-CUBE-ALGOBUILD.1.2.1
2021-10-25 17:22:11,121 [WARN] PackLoader:238 - Cannot read IP mode file for STMicroelectronics.X-CUBE-DISPLAY.1.0.0
2021-10-25 17:22:11,124 [WARN] PackLoader:238 - Cannot read IP mode file for STMicroelectronics.X-CUBE-EEPRMA1.3.1.0
2021-10-25 17:22:11,128 [WARN] PackLoader:238 - Cannot read IP mode file for STMicroelectronics.X-CUBE-GNSS1.5.2.0
2021-10-25 17:22:11,129 [INFO] ThirdParty:915 - Integrity check success = true
2021-10-25 17:22:11,130 [INFO] IntegrityCheckThread:94 - exiting critical section [integrity check]
2021-10-25 17:22:11,130 [INFO] IntegrityCheckThread:97 - End integrity checks thread
2021-10-25 17:22:11,506 [INFO] DetailPanel:309 - Set advertising image to /home/cthornton/STM32Cube/Repository//en.Prom_NBSTM32U50921.jpg
2021-10-25 17:22:12,151 [INFO] DbBoardsPdsc:90 - Found 9 items
2021-10-25 17:22:12,153 [INFO] DbBoardsPdsc:90 - Found 5 items
2021-10-25 17:22:12,156 [INFO] DbBoardsPdsc:90 - Found 33 items
2021-10-25 17:22:12,163 [INFO] DbBoardsPdsc:90 - Found 48 items
2021-10-25 17:22:12,166 [INFO] DbBoardsPdsc:90 - Found 25 items
2021-10-25 17:22:12,173 [INFO] DbBoardsPdsc:90 - Found 43 items
2021-10-25 17:22:12,174 [INFO] DbBoardsPdsc:90 - Found 2 items
2021-10-25 17:22:12,175 [INFO] DbBoardsPdsc:90 - Found 1 items
2021-10-25 17:22:12,180 [WARN] DbBoardsPdsc:254 - Board STM32H7B3I-DK: unknown feature type=Audio, name=, username=Audio stereo codec with Headphone Amp (CS42L51-CNZ), n=1
2021-10-25 17:22:12,181 [WARN] DbBoardsPdsc:254 - Board STM32H735G-DK: unknown feature type=Audio, name=, username=Audio stereo codec with Headphone Amp (WM8994ECS/R), n=1
2021-10-25 17:22:12,184 [WARN] DbBoardsPdsc:254 - Board STM32H7B3I-EVAL: unknown feature type=Audio, name=, username=Multi-Channel Audio Codec (CS42L51-CNZ), n=1
2021-10-25 17:22:12,185 [WARN] DbBoardsPdsc:254 - Board STM32H7B3I-EVAL: unknown feature type=Meter, name=, username=Power-metering and Temperature-monitoring with sigma-delta modulators, n=1
2021-10-25 17:22:12,185 [WARN] DbBoardsPdsc:254 - Board STM32H7B3I-EVAL: unknown feature type=Motor, name=, username=Motor Control, n=1
2021-10-25 17:22:12,186 [WARN] DbBoardsPdsc:254 - Board STM32U575I-EV: unknown feature type=joystick, name=, username=4-direction joystick with selection button, n=1
2021-10-25 17:22:12,205 [INFO] DbBoardsJson:86 - JSON generation date=Tue Jun 01 00:52:40 CDT 2021 (1622526760)
2021-10-25 17:22:12,212 [INFO] DbBoards:117 - Found 166 boards (163 are supported by CubeMX)
2021-10-25 17:22:12,220 [INFO] DbBoardsDocs:143 - JSON generation date=Tue Jun 01 00:52:40 CDT 2021 (1622526760)
2021-10-25 17:22:12,240 [INFO] DbBoardsDocs:79 - Found 193 boards documents
2021-10-25 17:22:12,241 [WARN] DbBoards:127 - board B-L462E-CELL1 has no document id list !
2021-10-25 17:22:12,241 [WARN] DbBoards:127 - board B-L475E-IOT01A2 has no document id list !
2021-10-25 17:22:12,241 [WARN] DbBoards:127 - board B-U585I-IOT02A has no document id list !
2021-10-25 17:22:12,242 [WARN] DbBoards:127 - board NUCLEO-G0B1RE has no document id list !
2021-10-25 17:22:12,242 [WARN] DbBoards:127 - board NUCLEO-H743ZI has no document id list !
2021-10-25 17:22:12,243 [WARN] DbBoards:127 - board NUCLEO-L4A6ZG has no document id list !
2021-10-25 17:22:12,243 [WARN] DbBoards:127 - board NUCLEO-U575ZI-Q has no document id list !
2021-10-25 17:22:12,244 [WARN] DbBoards:127 - board NUCLEO-WB15CC has no document id list !
2021-10-25 17:22:12,244 [WARN] DbBoards:127 - board NUCLEO-WB55RG has no document id list !
2021-10-25 17:22:12,244 [WARN] DbBoards:127 - board NUCLEO-WL55JC2 has no document id list !
2021-10-25 17:22:12,244 [WARN] DbBoards:127 - board P-NUCLEO-WB55-Nucleo has no document id list !
2021-10-25 17:22:12,244 [WARN] DbBoards:127 - board P-NUCLEO-WB55-USBDongle has no document id list !
2021-10-25 17:22:12,244 [WARN] DbBoards:127 - board STEVAL-BFA001V1B has no document id list !
2021-10-25 17:22:12,245 [WARN] DbBoards:127 - board STEVAL-BFA001V2B has no document id list !
2021-10-25 17:22:12,245 [WARN] DbBoards:127 - board STEVAL-IDP005V1 has no document id list !
2021-10-25 17:22:12,245 [WARN] DbBoards:127 - board STEVAL-IDP005V2 has no document id list !
2021-10-25 17:22:12,245 [WARN] DbBoards:127 - board STEVAL-MKSBOX1V1 has no document id list !
2021-10-25 17:22:12,245 [WARN] DbBoards:127 - board STEVAL-STWINKT1 has no document id list !
2021-10-25 17:22:12,245 [WARN] DbBoards:127 - board STEVAL-STWINKT1B has no document id list !
2021-10-25 17:22:12,246 [WARN] DbBoards:127 - board STM32F401C-DISCO has no document id list !
2021-10-25 17:22:12,246 [WARN] DbBoards:127 - board STM32F769I-DISC1 has no document id list !
2021-10-25 17:22:12,247 [WARN] DbBoards:127 - board STM32G0C1E-EV has no document id list !
2021-10-25 17:22:12,247 [WARN] DbBoards:127 - board STM32G474E-EVAL1 has no document id list !
2021-10-25 17:22:12,247 [WARN] DbBoards:127 - board STM32H743I-EVAL2 has no document id list !
2021-10-25 17:22:12,247 [WARN] DbBoards:127 - board STM32H747I-DISC1 has no document id list !
2021-10-25 17:22:12,247 [WARN] DbBoards:127 - board STM32H753I-EVAL2 has no document id list !
2021-10-25 17:22:12,248 [WARN] DbBoards:127 - board STM32L-DISCOVERY has no document id list !
2021-10-25 17:22:12,248 [WARN] DbBoards:127 - board STM32MP157A-DK1 has no document id list !
2021-10-25 17:22:12,248 [WARN] DbBoards:127 - board STM32MP157D-DK1 has no document id list !
2021-10-25 17:22:12,249 [WARN] DbBoards:127 - board STM32MP157D-EV1 has no document id list !
2021-10-25 17:22:12,249 [WARN] DbBoards:127 - board STM32MP157F-DK2 has no document id list !
2021-10-25 17:22:12,249 [WARN] DbBoards:127 - board STM32MP157F-EV1 has no document id list !
2021-10-25 17:22:12,249 [WARN] DbBoards:127 - board STM32U575I-EV has no document id list !
2021-10-25 17:22:12,249 [WARN] DbBoards:127 - board STM32WB5MM-DK has no document id list !
2021-10-25 17:22:13,627 [ERROR] DbBoards:189 - Image file not found for board STM32U575I-EV: /home/cthornton/st/stm32cubeide_1.7.0/plugins/com.st.stm32cube.common.mx_6.3.0.202107141111//db//plugins/mcufinder/images/boards/stm32u575i-ev_small.jpg
2021-10-25 17:22:13,707 [INFO] ApiDb:242 - User favorites file not found: /home/cthornton/.stm32cubeide/favorites.boards.txt
2021-10-25 17:22:13,707 [INFO] DbBoards:206 - Set 0 / 0 favorites Boards
2021-10-25 17:25:10,643 [INFO] MainUpdater:2671 - connection check result : 10
2021-10-25 17:25:10,739 [INFO] McuFinderGlobals:52 - Set McuFinderConnectedMode to false
2021-10-25 17:25:10,758 [INFO] CrossSelectorPresenter:1330 - Cross Selector saved comparison directory: /home/cthornton/.stmcufinder/plugins/mcufinder/mcu/cs_comparisons_mx
2021-10-25 17:25:10,758 [INFO] MultiScanPanel:197 - Auto-refresh data requested => check proxy status ongoing
2021-10-25 17:25:10,759 [INFO] MultiScanPanel:201 - Proxy status is invalid
2021-10-25 17:25:10,759 [INFO] FinderPluginLoader:87 - Searching for filters in installed packs
2021-10-25 17:25:11,122 [INFO] DetailPanel:309 - Set advertising image to /home/cthornton/STM32Cube/Repository//en.Prom_NBSTM32U50921.jpg
2021-10-25 17:26:12,047 [INFO] MainUpdater:2671 - connection check result : 10
2021-10-25 17:26:12,048 [INFO] MainUpdater:2671 - connection check result : 10
2021-10-25 17:26:12,148 [INFO] MicroXplorer:448 - Change Database Path : 
2021-10-25 17:26:12,148 [INFO] MicroXplorer:478 - Change Database Version : DB.6.0.30
2021-10-25 17:26:12,150 [WARN] ThirdParty:813 - waiting for thirdparty lock release [close project]
2021-10-25 17:26:12,150 [INFO] ThirdParty:815 - entering critical section [close project]
2021-10-25 17:26:12,153 [INFO] ThirdParty:825 - exiting critical section [close project]
2021-10-25 17:26:12,159 [INFO] PinOutPanel:1463 - setPackage(No Configuration,No Configuration)
2021-10-25 17:26:12,161 [INFO] UtilMem:74 - Begin LoadConfig() Used Memory: 420701056 Bytes (492830720)
2021-10-25 17:26:12,163 [INFO] MicroXplorer:448 - Change Database Path : 
2021-10-25 17:26:12,164 [INFO] MicroXplorer:478 - Change Database Version : DB.6.0.30
2021-10-25 17:26:12,164 [INFO] OpenFileManager:313 - Change cursor
2021-10-25 17:26:15,260 [INFO] Context:592 - Trying to add GPIOservice into a context  which must be forbidden
2021-10-25 17:26:16,235 [WARN] ApiManager:304 - Cannot register API 'Board Extension:S2868A1' from pack STMicroelectronics.X-CUBE-SFXS2LP1.3.1.0: no header file found
2021-10-25 17:26:16,236 [WARN] ApiManager:304 - Cannot register API 'Board Extension:S2868A2' from pack STMicroelectronics.X-CUBE-SFXS2LP1.3.1.0: no header file found
2021-10-25 17:26:16,236 [WARN] ApiManager:304 - Cannot register API 'Board Extension:S2915A1' from pack STMicroelectronics.X-CUBE-SFXS2LP1.3.1.0: no header file found
2021-10-25 17:26:16,253 [WARN] ModelIntegratedComponent:60 - No mode defined for component null
2021-10-25 17:26:16,253 [WARN] ModelIntegratedComponent:60 - No mode defined for component null
2021-10-25 17:26:16,253 [WARN] ModelIntegratedComponent:60 - No mode defined for component null
2021-10-25 17:26:16,253 [WARN] ModelIntegratedComponent:60 - No mode defined for component null
2021-10-25 17:26:16,253 [WARN] ModelIntegratedComponent:60 - No mode defined for component null
2021-10-25 17:26:16,254 [WARN] ModelIntegratedComponent:60 - No mode defined for component null
2021-10-25 17:26:16,254 [WARN] ModelIntegratedComponent:60 - No mode defined for component null
2021-10-25 17:26:16,254 [WARN] ModelIntegratedComponent:60 - No mode defined for component null
2021-10-25 17:26:16,254 [WARN] ModelIntegratedComponent:60 - No mode defined for component null
2021-10-25 17:26:16,254 [WARN] ModelIntegratedComponent:60 - No mode defined for component null
2021-10-25 17:26:16,254 [WARN] ModelIntegratedComponent:60 - No mode defined for component null
2021-10-25 17:26:16,255 [WARN] ModelIntegratedComponent:60 - No mode defined for component null
2021-10-25 17:26:16,255 [WARN] ModelIntegratedComponent:60 - No mode defined for component null
2021-10-25 17:26:16,255 [WARN] ModelIntegratedComponent:60 - No mode defined for component null
2021-10-25 17:26:16,255 [WARN] ModelIntegratedComponent:60 - No mode defined for component null
2021-10-25 17:26:16,255 [WARN] ModelIntegratedComponent:60 - No mode defined for component null
2021-10-25 17:26:16,255 [WARN] ModelIntegratedComponent:60 - No mode defined for component null
2021-10-25 17:26:16,255 [WARN] ModelIntegratedComponent:60 - No mode defined for component null
2021-10-25 17:26:16,255 [WARN] ModelIntegratedComponent:60 - No mode defined for component null
2021-10-25 17:26:16,255 [WARN] ModelIntegratedComponent:60 - No mode defined for component null
2021-10-25 17:26:16,256 [WARN] ModelIntegratedComponent:60 - No mode defined for component null
2021-10-25 17:26:16,256 [WARN] ModelIntegratedComponent:60 - No mode defined for component null
2021-10-25 17:26:16,256 [WARN] ModelIntegratedComponent:60 - No mode defined for component null
2021-10-25 17:26:16,256 [WARN] ModelIntegratedComponent:60 - No mode defined for component null
2021-10-25 17:26:16,256 [WARN] ModelIntegratedComponent:60 - No mode defined for component null
2021-10-25 17:26:16,256 [WARN] ModelIntegratedComponent:60 - No mode defined for component null
2021-10-25 17:26:16,256 [WARN] ModelIntegratedComponent:60 - No mode defined for component null
2021-10-25 17:26:16,257 [WARN] ModelIntegratedComponent:60 - No mode defined for component null
2021-10-25 17:26:16,257 [WARN] ModelIntegratedComponent:60 - No mode defined for component null
2021-10-25 17:26:16,257 [WARN] ModelIntegratedComponent:60 - No mode defined for component null
2021-10-25 17:26:16,257 [WARN] ModelIntegratedComponent:60 - No mode defined for component null
2021-10-25 17:26:16,391 [WARN] ApiManager:304 - Cannot register API 'Board Extension:IKS01A3' from pack STMicroelectronics.X-CUBE-MEMS1.9.0.0: no header file found
2021-10-25 17:26:16,391 [WARN] ApiManager:304 - Cannot register API 'Board Extension:IKS01A2' from pack STMicroelectronics.X-CUBE-MEMS1.9.0.0: no header file found
2021-10-25 17:26:16,392 [WARN] ApiManager:304 - Cannot register API 'Board Extension:IKS02A1' from pack STMicroelectronics.X-CUBE-MEMS1.9.0.0: no header file found
2021-10-25 17:26:16,417 [WARN] ApiManager:304 - Cannot register API 'Board Extension:S2868A1' from pack STMicroelectronics.X-CUBE-SUBG2.4.2.0: no header file found
2021-10-25 17:26:16,418 [WARN] ApiManager:304 - Cannot register API 'Board Extension:S2868A2' from pack STMicroelectronics.X-CUBE-SUBG2.4.2.0: no header file found
2021-10-25 17:26:16,418 [WARN] ApiManager:304 - Cannot register API 'Board Extension:S2915A1' from pack STMicroelectronics.X-CUBE-SUBG2.4.2.0: no header file found
2021-10-25 17:26:16,425 [INFO] RtosManager:484 - Registered RTOS mode: class=CMSIS, group=RTOS, mode=CMSIS_V1, owner=FREERTOS
2021-10-25 17:26:16,425 [INFO] RtosManager:484 - Registered RTOS mode: class=CMSIS, group=RTOS2, mode=CMSIS_V2, owner=FREERTOS
2021-10-25 17:26:16,426 [INFO] RtosManager:484 - Registered RTOS mode: class=RTOS, group=Core, mode=CMSIS_V1, owner=FREERTOS
2021-10-25 17:26:16,426 [INFO] RtosManager:484 - Registered RTOS mode: class=RTOS, group=Core, mode=CMSIS_V2, owner=FREERTOS
2021-10-25 17:26:16,426 [WARN] ModelIntegratedComponent:181 - Missing modes for component STMicroelectronics:FreeRTOS:0.0.1:STMicroelectronics:RTOS:FreeRTOS:Core:::10.2.0:
2021-10-25 17:26:16,441 [WARN] ApiManager:304 - Cannot register API 'Board Extension:EEPRMA1' from pack STMicroelectronics.X-CUBE-EEPRMA1.3.1.0: no header file found
2021-10-25 17:26:16,441 [WARN] ApiManager:304 - Cannot register API 'Board Extension:EEPRMA2' from pack STMicroelectronics.X-CUBE-EEPRMA1.3.1.0: no header file found
2021-10-25 17:26:16,443 [WARN] ApiManager:304 - Cannot register API 'Board Extension:GNSS1A1' from pack STMicroelectronics.X-CUBE-GNSS1.5.2.0: no header file found
2021-10-25 17:26:16,443 [WARN] ApiManager:304 - Cannot register API 'Board Support:Custom' from pack STMicroelectronics.X-CUBE-GNSS1.5.2.0: no header file found
2021-10-25 17:26:16,443 [WARN] ApiManager:304 - Cannot register API 'Data Exchange:lib_gnss' from pack STMicroelectronics.X-CUBE-GNSS1.5.2.0: no header file found
2021-10-25 17:26:16,444 [WARN] ApiManager:304 - Cannot register API 'Wireless:BlueNRG-MS' from pack STMicroelectronics.X-CUBE-BLE1.6.2.1: no header file found
2021-10-25 17:26:16,445 [WARN] ApiManager:304 - Cannot register API 'Wireless:BlueNRG-2' from pack STMicroelectronics.X-CUBE-BLE2.3.2.1: no header file found
2021-10-25 17:26:16,446 [WARN] ApiManager:304 - Cannot register API 'Wireless:BlueNRG-2' from pack STMicroelectronics.X-CUBE-BLE2.3.2.2: no header file found
2021-10-25 17:26:16,447 [WARN] ApiManager:304 - Cannot register API 'Board Extension:NFC04A1' from pack STMicroelectronics.X-CUBE-NFC4.2.0.3: no header file found
2021-10-25 17:26:16,738 [INFO] RtosManager:791 - Current active RTOS is FREERTOS [Cortex-M7NS]
2021-10-25 17:26:16,750 [INFO] ImportTextPane:167 - (OptionalMessage_ERROR) IP (RCC) : Invalid parameter (48MHZClocksFreq_Value)
2021-10-25 17:26:16,750 [INFO] ImportTextPane:167 - (OptionalMessage_ERROR) IP (RCC) : Invalid parameter (ADC12outputFreq_Value)
2021-10-25 17:26:16,750 [INFO] ImportTextPane:167 - (OptionalMessage_ERROR) IP (RCC) : Invalid parameter (ADC34outputFreq_Value)
2021-10-25 17:26:16,751 [INFO] ImportTextPane:167 - (OptionalMessage_ERROR) IP (RCC) : Invalid parameter (FamilyName)
2021-10-25 17:26:16,751 [INFO] ImportTextPane:167 - (OptionalMessage_ERROR) IP (RCC) : Invalid parameter (I2SClocksFreq_Value)
2021-10-25 17:26:16,751 [INFO] ImportTextPane:167 - (OptionalMessage_ERROR) IP (RCC) : Invalid parameter (MCOFreq_Value)
2021-10-25 17:26:16,752 [INFO] ImportTextPane:167 - (OptionalMessage_ERROR) IP (RCC) : Invalid parameter (PLLMCOFreq_Value)
2021-10-25 17:26:16,752 [INFO] ImportTextPane:167 - (OptionalMessage_ERROR) IP (RCC) : Invalid parameter (PLLMUL)
2021-10-25 17:26:16,753 [INFO] ImportTextPane:167 - (OptionalMessage_ERROR) IP (RCC) : Invalid parameter (PRESCALERUSB)
2021-10-25 17:26:16,753 [INFO] ImportTextPane:167 - (OptionalMessage_ERROR) IP (RCC) : Invalid parameter (RTCHSEDivFreq_Value)
2021-10-25 17:26:16,753 [INFO] ImportTextPane:167 - (OptionalMessage_ERROR) IP (RCC) : Parameter (SDMMCFreq_Value) has invalid value (72000000)
2021-10-25 17:26:16,753 [INFO] ImportTextPane:167 - (OptionalMessage_ERROR) IP (RCC) : Invalid parameter (SYSCLKSourceVirtual)
2021-10-25 17:26:16,753 [INFO] ImportTextPane:167 - (OptionalMessage_ERROR) IP (RCC) : Invalid parameter (TIM15Freq_Value)
2021-10-25 17:26:16,753 [INFO] ImportTextPane:167 - (OptionalMessage_ERROR) IP (RCC) : Invalid parameter (TIM16Freq_Value)
2021-10-25 17:26:16,754 [INFO] ImportTextPane:167 - (OptionalMessage_ERROR) IP (RCC) : Invalid parameter (TIM17Freq_Value)
2021-10-25 17:26:16,754 [INFO] ImportTextPane:167 - (OptionalMessage_ERROR) IP (RCC) : Invalid parameter (TIM1Freq_Value)
2021-10-25 17:26:16,754 [INFO] ImportTextPane:167 - (OptionalMessage_ERROR) IP (RCC) : Invalid parameter (TIM20Freq_Value)
2021-10-25 17:26:16,754 [INFO] ImportTextPane:167 - (OptionalMessage_ERROR) IP (RCC) : Invalid parameter (TIM2Freq_Value)
2021-10-25 17:26:16,754 [INFO] ImportTextPane:167 - (OptionalMessage_ERROR) IP (RCC) : Invalid parameter (TIM3Freq_Value)
2021-10-25 17:26:16,754 [INFO] ImportTextPane:167 - (OptionalMessage_ERROR) IP (RCC) : Invalid parameter (TIM8Freq_Value)
2021-10-25 17:26:16,755 [INFO] ImportTextPane:167 - (OptionalMessage_ERROR) IP (RCC) : Invalid parameter (VCOOutput2Freq_Value)
2021-10-25 17:26:16,755 [INFO] ImportTextPane:167 - (OptionalMessage_ERROR) IP (RCC) : Invalid parameter (VcooutputI2S)
2021-10-25 17:26:17,030 [INFO] UtilMem:74 - End LoadConfig() Used Memory: 481424176 Bytes (621805568)
2021-10-25 17:26:17,041 [WARN] ThirdParty:779 - waiting for thirdparty lock release [change project]
2021-10-25 17:26:17,041 [INFO] ThirdParty:781 - entering critical section [change project]
2021-10-25 17:26:17,042 [INFO] ThirdParty:967 - CMSIS Pack Vendor :STMicroelectronics X-CUBE-SFXS2LP1 3.1.0
2021-10-25 17:26:17,042 [INFO] ThirdParty:967 - CMSIS Pack Vendor :RoweBots I-CUBE-UNISONRTOS 5.5.0-4
2021-10-25 17:26:17,042 [INFO] ThirdParty:967 - CMSIS Pack Vendor :STMicroelectronics X-CUBE-AZRTOS-F4 1.0.0
2021-10-25 17:26:17,042 [INFO] ThirdParty:967 - CMSIS Pack Vendor :STMicroelectronics USB_HOST 2.0.0
2021-10-25 17:26:17,042 [INFO] ThirdParty:967 - CMSIS Pack Vendor :STMicroelectronics X-CUBE-AZRTOS-H7 2.0.0
2021-10-25 17:26:17,042 [INFO] ThirdParty:967 - CMSIS Pack Vendor :STMicroelectronics X-CUBE-AZRTOS-L4 1.0.0
2021-10-25 17:26:17,043 [INFO] ThirdParty:967 - CMSIS Pack Vendor :STMicroelectronics USB_DEVICE 3.0.0
2021-10-25 17:26:17,043 [INFO] ThirdParty:967 - CMSIS Pack Vendor :STMicroelectronics X-CUBE-TOF1 2.0.0
2021-10-25 17:26:17,044 [INFO] ThirdParty:967 - CMSIS Pack Vendor :STMicroelectronics HAL Drivers 0.0.0
2021-10-25 17:26:17,044 [INFO] ThirdParty:967 - CMSIS Pack Vendor :STMicroelectronics MBEDTLS 2.16.2
2021-10-25 17:26:17,045 [INFO] ThirdParty:967 - CMSIS Pack Vendor :STMicroelectronics MBEDTLS 2.14.1
2021-10-25 17:26:17,045 [INFO] ThirdParty:967 - CMSIS Pack Vendor :STMicroelectronics X-CUBE-MEMS1 9.0.0
2021-10-25 17:26:17,046 [INFO] ThirdParty:967 - CMSIS Pack Vendor :STMicroelectronics X-CUBE-SUBG2 4.2.0
2021-10-25 17:26:17,046 [INFO] ThirdParty:967 - CMSIS Pack Vendor :STMicroelectronics X-CUBE-ALS 1.0.1
2021-10-25 17:26:17,047 [INFO] ThirdParty:967 - CMSIS Pack Vendor :STMicroelectronics USB_DEVICE 2.0.0
2021-10-25 17:26:17,047 [INFO] ThirdParty:967 - CMSIS Pack Vendor :STMicroelectronics X-CUBE-AI 7.0.0
2021-10-25 17:26:17,048 [INFO] ThirdParty:967 - CMSIS Pack Vendor :STMicroelectronics X-CUBE-ALGOBUILD 1.2.1
2021-10-25 17:26:17,048 [INFO] ThirdParty:967 - CMSIS Pack Vendor :STMicroelectronics X-CUBE-DISPLAY 1.0.0
2021-10-25 17:26:17,048 [INFO] ThirdParty:967 - CMSIS Pack Vendor :STMicroelectronics FreeRTOS 0.0.1
2021-10-25 17:26:17,048 [INFO] ThirdParty:967 - CMSIS Pack Vendor :STMicroelectronics USB_DEVICE 1.0.0
2021-10-25 17:26:17,048 [INFO] ThirdParty:967 - CMSIS Pack Vendor :SEGGER I-CUBE-embOS 1.2.0
2021-10-25 17:26:17,048 [INFO] ThirdParty:967 - CMSIS Pack Vendor :STMicroelectronics X-CUBE-EEPRMA1 3.1.0
2021-10-25 17:26:17,048 [INFO] ThirdParty:967 - CMSIS Pack Vendor :STMicroelectronics X-CUBE-GNSS1 5.2.0
2021-10-25 17:26:17,048 [INFO] ThirdParty:967 - CMSIS Pack Vendor :STMicroelectronics ThreadX 0.0.2
2021-10-25 17:26:17,048 [INFO] ThirdParty:967 - CMSIS Pack Vendor :STMicroelectronics lwIP 2.0.3
2021-10-25 17:26:17,048 [INFO] ThirdParty:967 - CMSIS Pack Vendor :STMicroelectronics lwIP 2.1.2
2021-10-25 17:26:17,048 [INFO] ThirdParty:967 - CMSIS Pack Vendor :STMicroelectronics X-CUBE-BLE1 6.2.1
2021-10-25 17:26:17,048 [INFO] ThirdParty:967 - CMSIS Pack Vendor :STMicroelectronics X-CUBE-BLE2 3.2.1
2021-10-25 17:26:17,048 [INFO] ThirdParty:967 - CMSIS Pack Vendor :STMicroelectronics X-CUBE-BLE2 3.2.2
2021-10-25 17:26:17,048 [INFO] ThirdParty:967 - CMSIS Pack Vendor :STMicroelectronics USB_HOST 1.0.0
2021-10-25 17:26:17,048 [INFO] ThirdParty:967 - CMSIS Pack Vendor :STMicroelectronics X-CUBE-NFC4 2.0.3
2021-10-25 17:26:17,048 [INFO] ThirdParty:967 - CMSIS Pack Vendor :wolfSSL I-CUBE-wolfSSL 4.8.0
2021-10-25 17:26:17,049 [INFO] ThirdParty:967 - CMSIS Pack Vendor :STMicroelectronics X-CUBE-TOUCHGFX 4.17.0
2021-10-25 17:26:17,049 [INFO] ThirdParty:967 - CMSIS Pack Vendor :STMicroelectronics PDM2PCM 3.1.0
2021-10-25 17:26:17,049 [INFO] ThirdParty:967 - CMSIS Pack Vendor :STMicroelectronics PDM2PCM 3.2.0
2021-10-25 17:26:17,049 [INFO] ThirdParty:967 - CMSIS Pack Vendor :STMicroelectronics PDM2PCM 3.3.0
2021-10-25 17:26:17,049 [INFO] ThirdParty:787 - exiting critical section [change project]
2021-10-25 17:26:17,636 [INFO] PinOutPanel:1463 - setPackage(No Configuration,No Configuration)
2021-10-25 17:26:17,637 [INFO] PinOutPanel:1463 - setPackage(STM32F746ZGTx,LQFP144)
2021-10-25 17:26:18,389 [INFO] UtilMem:74 - Before build in PCC Used Memory: 526279488 Bytes (621805568)
2021-10-25 17:26:19,012 [INFO] UtilMem:74 - After build in PCC Used Memory: 491160072 Bytes (621805568)
2021-10-25 17:26:19,050 [INFO] ApiDbMcu:468 - Load IP Config File for FATFS
2021-10-25 17:26:19,077 [INFO] ApiDbMcu:468 - Load IP Config File for FREERTOS
2021-10-25 17:26:19,099 [INFO] ApiDbMcu:468 - Load IP Config File for USB_DEVICE
2021-10-25 17:26:19,130 [INFO] IPUIPlugin:74 - create IPUIPlugin
2021-10-25 17:26:19,130 [INFO] IPUIPlugin:74 - create IPUIPlugin
2021-10-25 17:26:19,130 [INFO] IPUIPlugin:74 - create IPUIPlugin
2021-10-25 17:26:19,131 [INFO] IPUIPlugin:74 - create IPUIPlugin
2021-10-25 17:26:19,131 [INFO] IPUIPlugin:74 - create IPUIPlugin
2021-10-25 17:26:19,131 [INFO] IPUIPlugin:74 - create IPUIPlugin
2021-10-25 17:26:19,131 [INFO] IPUIPlugin:74 - create IPUIPlugin
2021-10-25 17:26:19,131 [INFO] IPUIPlugin:74 - create IPUIPlugin
2021-10-25 17:26:19,132 [INFO] IPUIPlugin:74 - create IPUIPlugin
2021-10-25 17:26:19,132 [INFO] IPUIPlugin:74 - create IPUIPlugin
2021-10-25 17:26:19,132 [INFO] IPUIPlugin:74 - create IPUIPlugin
2021-10-25 17:26:19,132 [INFO] IPUIPlugin:74 - create IPUIPlugin
2021-10-25 17:26:19,133 [INFO] IPUIPlugin:74 - create IPUIPlugin
2021-10-25 17:26:19,133 [INFO] IPUIPlugin:74 - create IPUIPlugin
2021-10-25 17:26:19,133 [INFO] IPUIPlugin:74 - create IPUIPlugin
2021-10-25 17:26:19,133 [INFO] IPUIPlugin:74 - create IPUIPlugin
2021-10-25 17:26:19,133 [INFO] IPUIPlugin:74 - create IPUIPlugin
2021-10-25 17:26:19,134 [INFO] IPUIPlugin:74 - create IPUIPlugin
2021-10-25 17:26:19,134 [INFO] IPUIPlugin:74 - create IPUIPlugin
2021-10-25 17:26:19,134 [INFO] IPUIPlugin:74 - create IPUIPlugin
2021-10-25 17:26:19,134 [INFO] IPUIPlugin:74 - create IPUIPlugin
2021-10-25 17:26:19,134 [INFO] IPUIPlugin:74 - create IPUIPlugin
2021-10-25 17:26:19,134 [INFO] IPUIPlugin:74 - create IPUIPlugin
2021-10-25 17:26:19,135 [INFO] IPUIPlugin:74 - create IPUIPlugin
2021-10-25 17:26:19,135 [INFO] IPUIPlugin:74 - create IPUIPlugin
2021-10-25 17:26:19,135 [INFO] IPUIPlugin:74 - create IPUIPlugin
2021-10-25 17:26:19,135 [INFO] IPUIPlugin:74 - create IPUIPlugin
2021-10-25 17:26:19,135 [INFO] IPUIPlugin:74 - create IPUIPlugin
2021-10-25 17:26:19,136 [INFO] IPUIPlugin:74 - create IPUIPlugin
2021-10-25 17:26:19,136 [INFO] IPUIPlugin:74 - create IPUIPlugin
2021-10-25 17:26:19,136 [INFO] IPUIPlugin:74 - create IPUIPlugin
2021-10-25 17:26:19,136 [INFO] IPUIPlugin:74 - create IPUIPlugin
2021-10-25 17:26:19,136 [INFO] IPUIPlugin:74 - create IPUIPlugin
2021-10-25 17:26:19,137 [INFO] IPUIPlugin:74 - create IPUIPlugin
2021-10-25 17:26:19,137 [INFO] IPUIPlugin:74 - create IPUIPlugin
2021-10-25 17:26:19,137 [INFO] IPUIPlugin:74 - create IPUIPlugin
2021-10-25 17:26:19,138 [INFO] IPUIPlugin:74 - create IPUIPlugin
2021-10-25 17:26:19,138 [INFO] IPUIPlugin:74 - create IPUIPlugin
2021-10-25 17:26:19,138 [INFO] IPUIPlugin:74 - create IPUIPlugin
2021-10-25 17:26:19,138 [INFO] IPUIPlugin:74 - create IPUIPlugin
2021-10-25 17:26:19,138 [INFO] IPUIPlugin:74 - create IPUIPlugin
2021-10-25 17:26:19,138 [INFO] IPUIPlugin:74 - create IPUIPlugin
2021-10-25 17:26:19,139 [INFO] IPUIPlugin:74 - create IPUIPlugin
2021-10-25 17:26:19,139 [INFO] IPUIPlugin:74 - create IPUIPlugin
2021-10-25 17:26:19,139 [INFO] IPUIPlugin:74 - create IPUIPlugin
2021-10-25 17:26:19,139 [INFO] IPUIPlugin:74 - create IPUIPlugin
2021-10-25 17:26:19,139 [INFO] IPUIPlugin:74 - create IPUIPlugin
2021-10-25 17:26:19,139 [INFO] IPUIPlugin:74 - create IPUIPlugin
2021-10-25 17:26:19,140 [INFO] IPUIPlugin:74 - create IPUIPlugin
2021-10-25 17:26:19,140 [INFO] IPUIPlugin:74 - create IPUIPlugin
2021-10-25 17:26:19,140 [INFO] IPUIPlugin:74 - create IPUIPlugin
2021-10-25 17:26:19,140 [INFO] IPUIPlugin:74 - create IPUIPlugin
2021-10-25 17:26:19,140 [INFO] IPUIPlugin:74 - create IPUIPlugin
2021-10-25 17:26:19,140 [INFO] IPUIPlugin:74 - create IPUIPlugin
2021-10-25 17:26:19,140 [INFO] IPUIPlugin:74 - create IPUIPlugin
2021-10-25 17:26:19,140 [INFO] IPUIPlugin:74 - create IPUIPlugin
2021-10-25 17:26:19,141 [INFO] IPUIPlugin:74 - create IPUIPlugin
2021-10-25 17:26:19,141 [INFO] IPUIPlugin:74 - create IPUIPlugin
2021-10-25 17:26:19,141 [INFO] IPUIPlugin:74 - create IPUIPlugin
2021-10-25 17:26:19,141 [INFO] IPUIPlugin:74 - create IPUIPlugin
2021-10-25 17:26:19,141 [INFO] IPUIPlugin:74 - create IPUIPlugin
2021-10-25 17:26:19,141 [INFO] IPUIPlugin:74 - create IPUIPlugin
2021-10-25 17:26:19,142 [INFO] IPUIPlugin:74 - create IPUIPlugin
2021-10-25 17:26:19,142 [INFO] IPUIPlugin:74 - create IPUIPlugin
2021-10-25 17:26:19,142 [INFO] IPUIPlugin:74 - create IPUIPlugin
2021-10-25 17:26:19,142 [INFO] IPUIPlugin:74 - create IPUIPlugin
2021-10-25 17:26:19,143 [INFO] IPUIPlugin:74 - create IPUIPlugin
2021-10-25 17:26:19,143 [INFO] IPUIPlugin:74 - create IPUIPlugin
2021-10-25 17:26:19,143 [INFO] IPUIPlugin:74 - create IPUIPlugin
2021-10-25 17:26:19,144 [INFO] IPUIPlugin:74 - create IPUIPlugin
2021-10-25 17:26:19,144 [INFO] IPUIPlugin:74 - create IPUIPlugin
2021-10-25 17:26:19,145 [INFO] IPUIPlugin:74 - create IPUIPlugin
2021-10-25 17:26:19,145 [INFO] IPUIPlugin:74 - create IPUIPlugin
2021-10-25 17:26:19,145 [INFO] IPUIPlugin:74 - create IPUIPlugin
2021-10-25 17:26:19,151 [INFO] ApiDbMcu:468 - Load IP Config File for PDM2PCM
2021-10-25 17:26:19,178 [WARN] FreeRTOS:999 - Null or empty value: should not occur! (nothing added to the table)
2021-10-25 17:26:19,293 [INFO] RtosManager:604 - Active RTOS found at IOC load: FREERTOS [Cortex-M7NS]
2021-10-25 17:26:19,319 [INFO] OpenFileManager:333 - Restore cursor
2021-10-25 17:26:19,989 [INFO] UtilMem:74 - End SaveConfig() Used Memory: 492167008 Bytes (621805568)
2021-10-25 17:26:20,346 [INFO] UtilMem:74 - End SaveConfig() Used Memory: 514713440 Bytes (621805568)
2021-10-25 17:26:25,441 [INFO] BlockDiagram:2740 - set Specific Code input for plugin: FREERTOS
2021-10-25 17:26:25,442 [INFO] BlockDiagram:2740 - set Specific Code input for plugin: USB_DEVICE
2021-10-25 17:26:25,442 [INFO] BlockDiagram:2740 - set Specific Code input for plugin: SYS
2021-10-25 17:26:25,442 [INFO] BlockDiagram:2740 - set Specific Code input for plugin: RCC
2021-10-25 17:26:25,442 [INFO] BlockDiagram:2740 - set Specific Code input for plugin: USB_OTG_FS
2021-10-25 17:26:25,443 [INFO] BlockDiagram:2740 - set Specific Code input for plugin: NVIC
2021-10-25 17:26:25,443 [INFO] BlockDiagram:2740 - set Specific Code input for plugin: USART
2021-10-25 17:26:25,445 [INFO] BlockDiagram:2740 - set Specific Code input for plugin: GPIO
2021-10-25 17:26:25,446 [INFO] BlockDiagram:2740 - set Specific Code input for plugin: ETH
2021-10-25 17:26:25,446 [INFO] BlockDiagram:2740 - set Specific Code input for plugin: FATFS
2021-10-25 17:26:25,448 [INFO] CodeGenerator:663 - code generatio: config db path: /home/cthornton/st/stm32cubeide_1.7.0/plugins/com.st.stm32cube.common.mx_6.3.0.202107141111//db/
2021-10-25 17:26:26,397 [INFO] CodeEngine:239 - oldGeneratedFile, /home/cthornton/data/local/college/classes/2021bF/ECEN4013/Project 2/ECEN4013Project2/EmbeddedCode/BackupPlan/BackupPlan/MXTmpFiles/license.tmp_save
2021-10-25 17:26:26,865 [INFO] CodeEngine:257 - Generated code: /home/cthornton/data/local/college/classes/2021bF/ECEN4013/Project 2/ECEN4013Project2/EmbeddedCode/BackupPlan/BackupPlan/MXTmpFiles/license.tmp
2021-10-25 17:26:27,014 [INFO] CodeEngine:239 - oldGeneratedFile, /home/cthornton/data/local/college/classes/2021bF/ECEN4013/Project 2/ECEN4013Project2/EmbeddedCode/BackupPlan/BackupPlan/MXTmpFiles/gpio.tmp_save
2021-10-25 17:26:27,172 [INFO] CodeEngine:257 - Generated code: /home/cthornton/data/local/college/classes/2021bF/ECEN4013/Project 2/ECEN4013Project2/EmbeddedCode/BackupPlan/BackupPlan/MXTmpFiles/gpio.tmp
2021-10-25 17:26:27,281 [INFO] CodeEngine:239 - oldGeneratedFile, /home/cthornton/data/local/college/classes/2021bF/ECEN4013/Project 2/ECEN4013Project2/EmbeddedCode/BackupPlan/BackupPlan/MXTmpFiles/usb_otg_fs_vars.tmp_save
2021-10-25 17:26:27,365 [INFO] CodeEngine:257 - Generated code: /home/cthornton/data/local/college/classes/2021bF/ECEN4013/Project 2/ECEN4013Project2/EmbeddedCode/BackupPlan/BackupPlan/MXTmpFiles/usb_otg_fs_vars.tmp
2021-10-25 17:26:27,369 [INFO] CodeEngine:239 - oldGeneratedFile, /home/cthornton/data/local/college/classes/2021bF/ECEN4013/Project 2/ECEN4013Project2/EmbeddedCode/BackupPlan/BackupPlan/MXTmpFiles/usb_otg_fs_inc.tmp_save
2021-10-25 17:26:27,442 [INFO] CodeEngine:257 - Generated code: /home/cthornton/data/local/college/classes/2021bF/ECEN4013/Project 2/ECEN4013Project2/EmbeddedCode/BackupPlan/BackupPlan/MXTmpFiles/usb_otg_fs_inc.tmp
2021-10-25 17:26:27,447 [INFO] CodeEngine:239 - oldGeneratedFile, /home/cthornton/data/local/college/classes/2021bF/ECEN4013/Project 2/ECEN4013Project2/EmbeddedCode/BackupPlan/BackupPlan/MXTmpFiles/usb_otg_fs_HalInit.tmp_save
2021-10-25 17:26:27,567 [INFO] CodeEngine:257 - Generated code: /home/cthornton/data/local/college/classes/2021bF/ECEN4013/Project 2/ECEN4013Project2/EmbeddedCode/BackupPlan/BackupPlan/MXTmpFiles/usb_otg_fs_HalInit.tmp
2021-10-25 17:26:27,573 [INFO] CodeEngine:239 - oldGeneratedFile, /home/cthornton/data/local/college/classes/2021bF/ECEN4013/Project 2/ECEN4013Project2/EmbeddedCode/BackupPlan/BackupPlan/MXTmpFiles/usb_otg_fs_Msp.tmp_save
2021-10-25 17:26:27,703 [INFO] CodeEngine:257 - Generated code: /home/cthornton/data/local/college/classes/2021bF/ECEN4013/Project 2/ECEN4013Project2/EmbeddedCode/BackupPlan/BackupPlan/MXTmpFiles/usb_otg_fs_Msp.tmp
2021-10-25 17:26:28,178 [INFO] Middleware:1388 - No code input for Bsp Dependency
2021-10-25 17:26:28,187 [INFO] CodeEngine:239 - oldGeneratedFile, /home/cthornton/data/local/college/classes/2021bF/ECEN4013/Project 2/ECEN4013Project2/EmbeddedCode/BackupPlan/BackupPlan/MXTmpFiles/rtos_inc.tmp_save
2021-10-25 17:26:28,270 [INFO] CodeEngine:257 - Generated code: /home/cthornton/data/local/college/classes/2021bF/ECEN4013/Project 2/ECEN4013Project2/EmbeddedCode/BackupPlan/BackupPlan/MXTmpFiles/rtos_inc.tmp
2021-10-25 17:26:28,275 [INFO] CodeEngine:239 - oldGeneratedFile, /home/cthornton/data/local/college/classes/2021bF/ECEN4013/Project 2/ECEN4013Project2/EmbeddedCode/BackupPlan/BackupPlan/MXTmpFiles/rtos_kernelInit.tmp_save
2021-10-25 17:26:28,353 [INFO] CodeEngine:257 - Generated code: /home/cthornton/data/local/college/classes/2021bF/ECEN4013/Project 2/ECEN4013Project2/EmbeddedCode/BackupPlan/BackupPlan/MXTmpFiles/rtos_kernelInit.tmp
2021-10-25 17:26:28,358 [INFO] CodeEngine:239 - oldGeneratedFile, /home/cthornton/data/local/college/classes/2021bF/ECEN4013/Project 2/ECEN4013Project2/EmbeddedCode/BackupPlan/BackupPlan/MXTmpFiles/rtos_kernelStart.tmp_save
2021-10-25 17:26:28,427 [INFO] CodeEngine:257 - Generated code: /home/cthornton/data/local/college/classes/2021bF/ECEN4013/Project 2/ECEN4013Project2/EmbeddedCode/BackupPlan/BackupPlan/MXTmpFiles/rtos_kernelStart.tmp
2021-10-25 17:26:28,430 [INFO] CodeEngine:239 - oldGeneratedFile, /home/cthornton/data/local/college/classes/2021bF/ECEN4013/Project 2/ECEN4013Project2/EmbeddedCode/BackupPlan/BackupPlan/MXTmpFiles/rtos_typedefs.tmp_save
2021-10-25 17:26:28,514 [INFO] CodeEngine:257 - Generated code: /home/cthornton/data/local/college/classes/2021bF/ECEN4013/Project 2/ECEN4013Project2/EmbeddedCode/BackupPlan/BackupPlan/MXTmpFiles/rtos_typedefs.tmp
2021-10-25 17:26:28,521 [INFO] CodeEngine:239 - oldGeneratedFile, /home/cthornton/data/local/college/classes/2021bF/ECEN4013/Project 2/ECEN4013Project2/EmbeddedCode/BackupPlan/BackupPlan/MXTmpFiles/rtos_vars.tmp_save
2021-10-25 17:26:28,606 [INFO] CodeEngine:257 - Generated code: /home/cthornton/data/local/college/classes/2021bF/ECEN4013/Project 2/ECEN4013Project2/EmbeddedCode/BackupPlan/BackupPlan/MXTmpFiles/rtos_vars.tmp
2021-10-25 17:26:28,611 [INFO] CodeEngine:239 - oldGeneratedFile, /home/cthornton/data/local/college/classes/2021bF/ECEN4013/Project 2/ECEN4013Project2/EmbeddedCode/BackupPlan/BackupPlan/MXTmpFiles/rtos_pfp.tmp_save
2021-10-25 17:26:28,680 [INFO] CodeEngine:257 - Generated code: /home/cthornton/data/local/college/classes/2021bF/ECEN4013/Project 2/ECEN4013Project2/EmbeddedCode/BackupPlan/BackupPlan/MXTmpFiles/rtos_pfp.tmp
2021-10-25 17:26:28,681 [INFO] CodeEngine:239 - oldGeneratedFile, /home/cthornton/data/local/college/classes/2021bF/ECEN4013/Project 2/ECEN4013Project2/EmbeddedCode/BackupPlan/BackupPlan/MXTmpFiles/rtos_obj_creat.tmp_save
2021-10-25 17:26:28,729 [INFO] CodeEngine:257 - Generated code: /home/cthornton/data/local/college/classes/2021bF/ECEN4013/Project 2/ECEN4013Project2/EmbeddedCode/BackupPlan/BackupPlan/MXTmpFiles/rtos_obj_creat.tmp
2021-10-25 17:26:28,731 [INFO] CodeEngine:239 - oldGeneratedFile, /home/cthornton/data/local/college/classes/2021bF/ECEN4013/Project 2/ECEN4013Project2/EmbeddedCode/BackupPlan/BackupPlan/MXTmpFiles/rtos_default_thread.tmp_save
2021-10-25 17:26:28,775 [INFO] CodeEngine:257 - Generated code: /home/cthornton/data/local/college/classes/2021bF/ECEN4013/Project 2/ECEN4013Project2/EmbeddedCode/BackupPlan/BackupPlan/MXTmpFiles/rtos_default_thread.tmp
2021-10-25 17:26:28,777 [INFO] CodeEngine:239 - oldGeneratedFile, /home/cthornton/data/local/college/classes/2021bF/ECEN4013/Project 2/ECEN4013Project2/EmbeddedCode/BackupPlan/BackupPlan/MXTmpFiles/rtos_threads.tmp_save
2021-10-25 17:26:28,821 [INFO] CodeEngine:257 - Generated code: /home/cthornton/data/local/college/classes/2021bF/ECEN4013/Project 2/ECEN4013Project2/EmbeddedCode/BackupPlan/BackupPlan/MXTmpFiles/rtos_threads.tmp
2021-10-25 17:26:28,823 [INFO] CodeEngine:239 - oldGeneratedFile, /home/cthornton/data/local/college/classes/2021bF/ECEN4013/Project 2/ECEN4013Project2/EmbeddedCode/BackupPlan/BackupPlan/Core/Inc/FreeRTOSConfig.h_save
2021-10-25 17:26:28,910 [INFO] CodeEngine:257 - Generated code: /home/cthornton/data/local/college/classes/2021bF/ECEN4013/Project 2/ECEN4013Project2/EmbeddedCode/BackupPlan/BackupPlan/Core/Inc/FreeRTOSConfig.h
2021-10-25 17:26:28,914 [INFO] CodeEngine:239 - oldGeneratedFile, /home/cthornton/data/local/college/classes/2021bF/ECEN4013/Project 2/ECEN4013Project2/EmbeddedCode/BackupPlan/BackupPlan/Core/Src/freertos.c_save
2021-10-25 17:26:29,002 [INFO] CodeEngine:257 - Generated code: /home/cthornton/data/local/college/classes/2021bF/ECEN4013/Project 2/ECEN4013Project2/EmbeddedCode/BackupPlan/BackupPlan/Core/Src/freertos.c
2021-10-25 17:26:29,011 [INFO] CodeEngine:239 - oldGeneratedFile, /home/cthornton/data/local/college/classes/2021bF/ECEN4013/Project 2/ECEN4013Project2/EmbeddedCode/BackupPlan/BackupPlan/MXTmpFiles/cortex.tmp_save
2021-10-25 17:26:29,103 [INFO] CodeEngine:257 - Generated code: /home/cthornton/data/local/college/classes/2021bF/ECEN4013/Project 2/ECEN4013Project2/EmbeddedCode/BackupPlan/BackupPlan/MXTmpFiles/cortex.tmp
2021-10-25 17:26:29,110 [INFO] Middleware:1388 - No code input for Bsp Dependency
2021-10-25 17:26:29,118 [INFO] CodeEngine:239 - oldGeneratedFile, /home/cthornton/data/local/college/classes/2021bF/ECEN4013/Project 2/ECEN4013Project2/EmbeddedCode/BackupPlan/BackupPlan/MXTmpFiles/fatfs_HalInit.tmp_save
2021-10-25 17:26:29,191 [INFO] CodeEngine:257 - Generated code: /home/cthornton/data/local/college/classes/2021bF/ECEN4013/Project 2/ECEN4013Project2/EmbeddedCode/BackupPlan/BackupPlan/MXTmpFiles/fatfs_HalInit.tmp
2021-10-25 17:26:29,195 [INFO] CodeEngine:239 - oldGeneratedFile, /home/cthornton/data/local/college/classes/2021bF/ECEN4013/Project 2/ECEN4013Project2/EmbeddedCode/BackupPlan/BackupPlan/MXTmpFiles/fatfs_vars.tmp_save
2021-10-25 17:26:29,265 [INFO] CodeEngine:257 - Generated code: /home/cthornton/data/local/college/classes/2021bF/ECEN4013/Project 2/ECEN4013Project2/EmbeddedCode/BackupPlan/BackupPlan/MXTmpFiles/fatfs_vars.tmp
2021-10-25 17:26:29,271 [INFO] CodeEngine:239 - oldGeneratedFile, /home/cthornton/data/local/college/classes/2021bF/ECEN4013/Project 2/ECEN4013Project2/EmbeddedCode/BackupPlan/BackupPlan/MXTmpFiles/fatfs_ext_vars.tmp_save
2021-10-25 17:26:29,339 [INFO] CodeEngine:257 - Generated code: /home/cthornton/data/local/college/classes/2021bF/ECEN4013/Project 2/ECEN4013Project2/EmbeddedCode/BackupPlan/BackupPlan/MXTmpFiles/fatfs_ext_vars.tmp
2021-10-25 17:26:29,340 [INFO] CodeEngine:239 - oldGeneratedFile, /home/cthornton/data/local/college/classes/2021bF/ECEN4013/Project 2/ECEN4013Project2/EmbeddedCode/BackupPlan/BackupPlan/MXTmpFiles/fatfs_inc.tmp_save
2021-10-25 17:26:29,412 [INFO] CodeEngine:257 - Generated code: /home/cthornton/data/local/college/classes/2021bF/ECEN4013/Project 2/ECEN4013Project2/EmbeddedCode/BackupPlan/BackupPlan/MXTmpFiles/fatfs_inc.tmp
2021-10-25 17:26:29,419 [INFO] CodeEngine:239 - oldGeneratedFile, /home/cthornton/data/local/college/classes/2021bF/ECEN4013/Project 2/ECEN4013Project2/EmbeddedCode/BackupPlan/BackupPlan/FATFS/Target/ffconf.h_save
2021-10-25 17:26:29,497 [INFO] CodeEngine:257 - Generated code: /home/cthornton/data/local/college/classes/2021bF/ECEN4013/Project 2/ECEN4013Project2/EmbeddedCode/BackupPlan/BackupPlan/FATFS/Target/ffconf.h
2021-10-25 17:26:29,501 [INFO] CodeEngine:239 - oldGeneratedFile, /home/cthornton/data/local/college/classes/2021bF/ECEN4013/Project 2/ECEN4013Project2/EmbeddedCode/BackupPlan/BackupPlan/FATFS/Target/user_diskio.c_save
2021-10-25 17:26:29,566 [INFO] CodeEngine:257 - Generated code: /home/cthornton/data/local/college/classes/2021bF/ECEN4013/Project 2/ECEN4013Project2/EmbeddedCode/BackupPlan/BackupPlan/FATFS/Target/user_diskio.c
2021-10-25 17:26:29,568 [INFO] CodeEngine:239 - oldGeneratedFile, /home/cthornton/data/local/college/classes/2021bF/ECEN4013/Project 2/ECEN4013Project2/EmbeddedCode/BackupPlan/BackupPlan/FATFS/Target/user_diskio.h_save
2021-10-25 17:26:29,614 [INFO] CodeEngine:257 - Generated code: /home/cthornton/data/local/college/classes/2021bF/ECEN4013/Project 2/ECEN4013Project2/EmbeddedCode/BackupPlan/BackupPlan/FATFS/Target/user_diskio.h
2021-10-25 17:26:29,615 [INFO] CodeEngine:239 - oldGeneratedFile, /home/cthornton/data/local/college/classes/2021bF/ECEN4013/Project 2/ECEN4013Project2/EmbeddedCode/BackupPlan/BackupPlan/FATFS/App/fatfs.c_save
2021-10-25 17:26:29,654 [INFO] CodeEngine:257 - Generated code: /home/cthornton/data/local/college/classes/2021bF/ECEN4013/Project 2/ECEN4013Project2/EmbeddedCode/BackupPlan/BackupPlan/FATFS/App/fatfs.c
2021-10-25 17:26:29,658 [INFO] CodeEngine:239 - oldGeneratedFile, /home/cthornton/data/local/college/classes/2021bF/ECEN4013/Project 2/ECEN4013Project2/EmbeddedCode/BackupPlan/BackupPlan/FATFS/App/fatfs.h_save
2021-10-25 17:26:29,696 [INFO] CodeEngine:257 - Generated code: /home/cthornton/data/local/college/classes/2021bF/ECEN4013/Project 2/ECEN4013Project2/EmbeddedCode/BackupPlan/BackupPlan/FATFS/App/fatfs.h
2021-10-25 17:26:29,721 [INFO] Middleware:1388 - No code input for Bsp Dependency
2021-10-25 17:26:29,734 [INFO] CodeEngine:239 - oldGeneratedFile, /home/cthornton/data/local/college/classes/2021bF/ECEN4013/Project 2/ECEN4013Project2/EmbeddedCode/BackupPlan/BackupPlan/USB_DEVICE/App/usb_device.c_save
2021-10-25 17:26:29,820 [INFO] CodeEngine:257 - Generated code: /home/cthornton/data/local/college/classes/2021bF/ECEN4013/Project 2/ECEN4013Project2/EmbeddedCode/BackupPlan/BackupPlan/USB_DEVICE/App/usb_device.c
2021-10-25 17:26:29,825 [INFO] CodeEngine:239 - oldGeneratedFile, /home/cthornton/data/local/college/classes/2021bF/ECEN4013/Project 2/ECEN4013Project2/EmbeddedCode/BackupPlan/BackupPlan/USB_DEVICE/App/usb_device.h_save
2021-10-25 17:26:29,890 [INFO] CodeEngine:257 - Generated code: /home/cthornton/data/local/college/classes/2021bF/ECEN4013/Project 2/ECEN4013Project2/EmbeddedCode/BackupPlan/BackupPlan/USB_DEVICE/App/usb_device.h
2021-10-25 17:26:29,893 [INFO] CodeEngine:239 - oldGeneratedFile, /home/cthornton/data/local/college/classes/2021bF/ECEN4013/Project 2/ECEN4013Project2/EmbeddedCode/BackupPlan/BackupPlan/USB_DEVICE/Target/usbd_conf.h_save
2021-10-25 17:26:29,936 [INFO] CodeEngine:257 - Generated code: /home/cthornton/data/local/college/classes/2021bF/ECEN4013/Project 2/ECEN4013Project2/EmbeddedCode/BackupPlan/BackupPlan/USB_DEVICE/Target/usbd_conf.h
2021-10-25 17:26:29,941 [INFO] CodeEngine:239 - oldGeneratedFile, /home/cthornton/data/local/college/classes/2021bF/ECEN4013/Project 2/ECEN4013Project2/EmbeddedCode/BackupPlan/BackupPlan/USB_DEVICE/Target/usbd_conf.c_save
2021-10-25 17:26:30,026 [INFO] CodeEngine:257 - Generated code: /home/cthornton/data/local/college/classes/2021bF/ECEN4013/Project 2/ECEN4013Project2/EmbeddedCode/BackupPlan/BackupPlan/USB_DEVICE/Target/usbd_conf.c
2021-10-25 17:26:30,030 [INFO] CodeEngine:239 - oldGeneratedFile, /home/cthornton/data/local/college/classes/2021bF/ECEN4013/Project 2/ECEN4013Project2/EmbeddedCode/BackupPlan/BackupPlan/USB_DEVICE/App/usbd_desc.h_save
2021-10-25 17:26:30,064 [INFO] CodeEngine:257 - Generated code: /home/cthornton/data/local/college/classes/2021bF/ECEN4013/Project 2/ECEN4013Project2/EmbeddedCode/BackupPlan/BackupPlan/USB_DEVICE/App/usbd_desc.h
2021-10-25 17:26:30,065 [INFO] CodeEngine:239 - oldGeneratedFile, /home/cthornton/data/local/college/classes/2021bF/ECEN4013/Project 2/ECEN4013Project2/EmbeddedCode/BackupPlan/BackupPlan/USB_DEVICE/App/usbd_desc.c_save
2021-10-25 17:26:30,116 [INFO] CodeEngine:257 - Generated code: /home/cthornton/data/local/college/classes/2021bF/ECEN4013/Project 2/ECEN4013Project2/EmbeddedCode/BackupPlan/BackupPlan/USB_DEVICE/App/usbd_desc.c
2021-10-25 17:26:30,117 [INFO] CodeEngine:239 - oldGeneratedFile, /home/cthornton/data/local/college/classes/2021bF/ECEN4013/Project 2/ECEN4013Project2/EmbeddedCode/BackupPlan/BackupPlan/USB_DEVICE/App/usbd_cdc_if.h_save
2021-10-25 17:26:30,165 [INFO] CodeEngine:257 - Generated code: /home/cthornton/data/local/college/classes/2021bF/ECEN4013/Project 2/ECEN4013Project2/EmbeddedCode/BackupPlan/BackupPlan/USB_DEVICE/App/usbd_cdc_if.h
2021-10-25 17:26:30,167 [INFO] CodeEngine:239 - oldGeneratedFile, /home/cthornton/data/local/college/classes/2021bF/ECEN4013/Project 2/ECEN4013Project2/EmbeddedCode/BackupPlan/BackupPlan/USB_DEVICE/App/usbd_cdc_if.c_save
2021-10-25 17:26:30,218 [INFO] CodeEngine:257 - Generated code: /home/cthornton/data/local/college/classes/2021bF/ECEN4013/Project 2/ECEN4013Project2/EmbeddedCode/BackupPlan/BackupPlan/USB_DEVICE/App/usbd_cdc_if.c
2021-10-25 17:26:30,230 [INFO] CodeEngine:239 - oldGeneratedFile, /home/cthornton/data/local/college/classes/2021bF/ECEN4013/Project 2/ECEN4013Project2/EmbeddedCode/BackupPlan/BackupPlan/Core/Src/stm32f7xx_it.c_save
2021-10-25 17:26:30,342 [INFO] CodeEngine:257 - Generated code: /home/cthornton/data/local/college/classes/2021bF/ECEN4013/Project 2/ECEN4013Project2/EmbeddedCode/BackupPlan/BackupPlan/Core/Src/stm32f7xx_it.c
2021-10-25 17:26:30,347 [INFO] CodeEngine:239 - oldGeneratedFile, /home/cthornton/data/local/college/classes/2021bF/ECEN4013/Project 2/ECEN4013Project2/EmbeddedCode/BackupPlan/BackupPlan/Core/Inc/stm32f7xx_it.h_save
2021-10-25 17:26:30,423 [INFO] CodeEngine:257 - Generated code: /home/cthornton/data/local/college/classes/2021bF/ECEN4013/Project 2/ECEN4013Project2/EmbeddedCode/BackupPlan/BackupPlan/Core/Inc/stm32f7xx_it.h
2021-10-25 17:26:30,439 [INFO] CodeEngine:239 - oldGeneratedFile, /home/cthornton/data/local/college/classes/2021bF/ECEN4013/Project 2/ECEN4013Project2/EmbeddedCode/BackupPlan/BackupPlan/Core/Src/stm32f7xx_hal_msp.c_save
2021-10-25 17:26:30,572 [INFO] CodeEngine:257 - Generated code: /home/cthornton/data/local/college/classes/2021bF/ECEN4013/Project 2/ECEN4013Project2/EmbeddedCode/BackupPlan/BackupPlan/Core/Src/stm32f7xx_hal_msp.c
2021-10-25 17:26:30,577 [INFO] CodeEngine:239 - oldGeneratedFile, /home/cthornton/data/local/college/classes/2021bF/ECEN4013/Project 2/ECEN4013Project2/EmbeddedCode/BackupPlan/BackupPlan/MXTmpFiles/system.tmp_save
2021-10-25 17:26:30,649 [INFO] CodeEngine:257 - Generated code: /home/cthornton/data/local/college/classes/2021bF/ECEN4013/Project 2/ECEN4013Project2/EmbeddedCode/BackupPlan/BackupPlan/MXTmpFiles/system.tmp
2021-10-25 17:26:30,654 [INFO] CodeEngine:239 - oldGeneratedFile, /home/cthornton/data/local/college/classes/2021bF/ECEN4013/Project 2/ECEN4013Project2/EmbeddedCode/BackupPlan/BackupPlan/Core/Src/stm32f7xx_hal_timebase_tim.c_save
2021-10-25 17:26:30,731 [INFO] CodeEngine:257 - Generated code: /home/cthornton/data/local/college/classes/2021bF/ECEN4013/Project 2/ECEN4013Project2/EmbeddedCode/BackupPlan/BackupPlan/Core/Src/stm32f7xx_hal_timebase_tim.c
2021-10-25 17:26:30,744 [INFO] CodeEngine:239 - oldGeneratedFile, /home/cthornton/data/local/college/classes/2021bF/ECEN4013/Project 2/ECEN4013Project2/EmbeddedCode/BackupPlan/BackupPlan/Core/Inc/stm32f7xx_hal_conf.h_save
2021-10-25 17:26:30,843 [INFO] CodeEngine:257 - Generated code: /home/cthornton/data/local/college/classes/2021bF/ECEN4013/Project 2/ECEN4013Project2/EmbeddedCode/BackupPlan/BackupPlan/Core/Inc/stm32f7xx_hal_conf.h
2021-10-25 17:26:30,923 [INFO] CodeEngine:239 - oldGeneratedFile, /home/cthornton/data/local/college/classes/2021bF/ECEN4013/Project 2/ECEN4013Project2/EmbeddedCode/BackupPlan/BackupPlan/Core/Inc/main.h_save
2021-10-25 17:26:30,975 [INFO] CodeEngine:257 - Generated code: /home/cthornton/data/local/college/classes/2021bF/ECEN4013/Project 2/ECEN4013Project2/EmbeddedCode/BackupPlan/BackupPlan/Core/Inc/main.h
2021-10-25 17:26:30,977 [INFO] CodeEngine:239 - oldGeneratedFile, /home/cthornton/data/local/college/classes/2021bF/ECEN4013/Project 2/ECEN4013Project2/EmbeddedCode/BackupPlan/BackupPlan/Core/Src/main.c_save
2021-10-25 17:26:31,077 [INFO] CodeEngine:257 - Generated code: /home/cthornton/data/local/college/classes/2021bF/ECEN4013/Project 2/ECEN4013Project2/EmbeddedCode/BackupPlan/BackupPlan/Core/Src/main.c
2021-10-25 17:26:31,846 [INFO] ProjectBuilder:2578 - Time for Copy HAL[1] : 116mS.
2021-10-25 17:26:31,864 [INFO] ProjectBuilder:3622 - Project Generator version: 3.14.1
2021-10-25 17:26:32,200 [INFO] ConfigFileManager:1271 - The Die is : DIE449
2021-10-25 17:26:32,204 [INFO] ApiDbMcu:468 - Load IP Config File for LIBJPEG
2021-10-25 17:26:32,207 [INFO] ApiDbMcu:468 - Load IP Config File for LWIP
2021-10-25 17:26:32,217 [INFO] ApiDbMcu:468 - Load IP Config File for MBEDTLS
2021-10-25 17:26:32,259 [INFO] ApiDbMcu:468 - Load IP Config File for USB_HOST
2021-10-25 17:26:35,603 [INFO] ProjectBuilder:3789 - Time for Generating toolchain IDE Files: 3739mS.
2021-10-25 17:26:35,604 [INFO] ProjectBuilder:2457 - Time for Copy CMSIS : 1mS.
2021-10-25 17:26:35,629 [INFO] ProjectBuilder:2457 - Time for Copy CMSIS : 0mS.
2021-10-25 17:26:36,113 [INFO] McuFinderGlobals:52 - Set McuFinderConnectedMode to true
2021-10-25 17:26:36,115 [INFO] ApiDb:276 - Save user favorites file /home/cthornton/.stm32cubeide/favorites.mcus.txt: 0 item(s)
2021-10-25 17:26:36,115 [INFO] ApiDb:280 - User favorites MCUs=[]
