2021-10-06 23:10:54,817 [INFO] Activator:177 - 


2021-10-06 23:10:54,819 [INFO] Activator:178 - !SESSION log4j initialized
2021-10-06 23:11:31,645 [INFO] McuFinderGlobals:39 - Set McuFinder mode to 2 (CubeIDE integrated)
2021-10-06 23:11:31,710 [INFO] ApplicationProperties:181 - Using Application install path: /home/cthornton/Downloads/en.st-stm32cubeide_1.7.0_10852_20210715_0634_amd64.sh_v1.7.0/makeself_dir_k5fivQ/y/plugins/com.st.stm32cube.common.mx_6.3.0.202107141111
2021-10-06 23:11:31,720 [INFO] DbMcusXml:74 - Set database path to: /home/cthornton/Downloads/en.st-stm32cubeide_1.7.0_10852_20210715_0634_amd64.sh_v1.7.0/makeself_dir_k5fivQ/y/plugins/com.st.stm32cube.common.mx_6.3.0.202107141111//db//mcu/
2021-10-06 23:11:31,723 [INFO] DbBoardsPdsc:56 - Set plugin database path to: /home/cthornton/Downloads/en.st-stm32cubeide_1.7.0_10852_20210715_0634_amd64.sh_v1.7.0/makeself_dir_k5fivQ/y/plugins/com.st.stm32cube.common.mx_6.3.0.202107141111//db//plugins/boardmanager/
2021-10-06 23:11:31,723 [INFO] DbMcus:258 - Set plugin images path to: /home/cthornton/Downloads/en.st-stm32cubeide_1.7.0_10852_20210715_0634_amd64.sh_v1.7.0/makeself_dir_k5fivQ/y/plugins/com.st.stm32cube.common.mx_6.3.0.202107141111//db//plugins/mcufinder/images/
2021-10-06 23:11:31,723 [INFO] DbBoards:264 - Set plugin images path to: /home/cthornton/Downloads/en.st-stm32cubeide_1.7.0_10852_20210715_0634_amd64.sh_v1.7.0/makeself_dir_k5fivQ/y/plugins/com.st.stm32cube.common.mx_6.3.0.202107141111//db//plugins/mcufinder/images/
2021-10-06 23:11:31,725 [INFO] DbExamples:333 - Set plugin images path to: /home/cthornton/Downloads/en.st-stm32cubeide_1.7.0_10852_20210715_0634_amd64.sh_v1.7.0/makeself_dir_k5fivQ/y/plugins/com.st.stm32cube.common.mx_6.3.0.202107141111//db//plugins/mcufinder/images/
2021-10-06 23:11:31,731 [INFO] DbMcusAds:119 - Set database path to: /home/cthornton/.stmcufinder/plugins/mcufinder//mcu/
2021-10-06 23:11:31,732 [INFO] DbMcusDocs:110 - Set database path to: /home/cthornton/.stmcufinder/plugins/mcufinder//mcu/
2021-10-06 23:11:31,733 [INFO] DbMcusJson:64 - Set database path to: /home/cthornton/.stmcufinder/plugins/mcufinder//mcu/
2021-10-06 23:11:31,734 [INFO] DbBoardsDocs:110 - Set database path to: /home/cthornton/.stmcufinder/plugins/mcufinder//mcu/
2021-10-06 23:11:31,735 [INFO] DbBoardsJson:57 - Set database path to: /home/cthornton/.stmcufinder/plugins/mcufinder//mcu/
2021-10-06 23:11:31,926 [INFO] CrossReferenceDbSqlite:196 - Set database path to: /home/cthornton/.stmcufinder/plugins/mcufinder//mcu/cs/
2021-10-06 23:11:31,928 [INFO] DbExamplesSqlite:767 - Set database path to: /home/cthornton/.stmcufinder/plugins/mcufinder//mcu/
2021-10-06 23:11:31,992 [INFO] RulesReader:57 - Compatibility file has been processed (242 Rules)
2021-10-06 23:11:32,043 [INFO] DbMcusXml:74 - Set database path to: /home/cthornton/Downloads/en.st-stm32cubeide_1.7.0_10852_20210715_0634_amd64.sh_v1.7.0/makeself_dir_k5fivQ/y/plugins/com.st.stm32cube.common.mx_6.3.0.202107141111//db//mcu/
2021-10-06 23:11:32,044 [INFO] DbBoardsPdsc:56 - Set plugin database path to: /home/cthornton/Downloads/en.st-stm32cubeide_1.7.0_10852_20210715_0634_amd64.sh_v1.7.0/makeself_dir_k5fivQ/y/plugins/com.st.stm32cube.common.mx_6.3.0.202107141111//db//plugins/boardmanager/
2021-10-06 23:11:32,044 [INFO] DbMcus:258 - Set plugin images path to: /home/cthornton/Downloads/en.st-stm32cubeide_1.7.0_10852_20210715_0634_amd64.sh_v1.7.0/makeself_dir_k5fivQ/y/plugins/com.st.stm32cube.common.mx_6.3.0.202107141111//db//plugins/mcufinder/images/
2021-10-06 23:11:32,044 [INFO] DbBoards:264 - Set plugin images path to: /home/cthornton/Downloads/en.st-stm32cubeide_1.7.0_10852_20210715_0634_amd64.sh_v1.7.0/makeself_dir_k5fivQ/y/plugins/com.st.stm32cube.common.mx_6.3.0.202107141111//db//plugins/mcufinder/images/
2021-10-06 23:11:32,044 [INFO] DbExamples:333 - Set plugin images path to: /home/cthornton/Downloads/en.st-stm32cubeide_1.7.0_10852_20210715_0634_amd64.sh_v1.7.0/makeself_dir_k5fivQ/y/plugins/com.st.stm32cube.common.mx_6.3.0.202107141111//db//plugins/mcufinder/images/
2021-10-06 23:11:32,045 [WARN] DbFile:35 - Overriding database path with different value: /home/cthornton/.stmcufinder/plugins/mcufinder/ => /home/cthornton/.stmcufinder/plugins/mcufinder
2021-10-06 23:11:32,045 [INFO] DbMcusAds:119 - Set database path to: /home/cthornton/.stmcufinder/plugins/mcufinder//mcu/
2021-10-06 23:11:32,045 [WARN] DbFile:35 - Overriding database path with different value: /home/cthornton/.stmcufinder/plugins/mcufinder/ => /home/cthornton/.stmcufinder/plugins/mcufinder
2021-10-06 23:11:32,045 [INFO] DbMcusDocs:110 - Set database path to: /home/cthornton/.stmcufinder/plugins/mcufinder//mcu/
2021-10-06 23:11:32,045 [WARN] DbFile:35 - Overriding database path with different value: /home/cthornton/.stmcufinder/plugins/mcufinder/ => /home/cthornton/.stmcufinder/plugins/mcufinder
2021-10-06 23:11:32,045 [INFO] DbMcusJson:64 - Set database path to: /home/cthornton/.stmcufinder/plugins/mcufinder//mcu/
2021-10-06 23:11:32,045 [WARN] DbFile:35 - Overriding database path with different value: /home/cthornton/.stmcufinder/plugins/mcufinder/ => /home/cthornton/.stmcufinder/plugins/mcufinder
2021-10-06 23:11:32,045 [INFO] DbBoardsDocs:110 - Set database path to: /home/cthornton/.stmcufinder/plugins/mcufinder//mcu/
2021-10-06 23:11:32,045 [WARN] DbFile:35 - Overriding database path with different value: /home/cthornton/.stmcufinder/plugins/mcufinder/ => /home/cthornton/.stmcufinder/plugins/mcufinder
2021-10-06 23:11:32,045 [INFO] DbBoardsJson:57 - Set database path to: /home/cthornton/.stmcufinder/plugins/mcufinder//mcu/
2021-10-06 23:11:32,045 [WARN] DbFile:35 - Overriding database path with different value: /home/cthornton/.stmcufinder/plugins/mcufinder/ => /home/cthornton/.stmcufinder/plugins/mcufinder
2021-10-06 23:11:32,046 [WARN] DbFile:35 - Overriding database path with different value: /home/cthornton/.stmcufinder/plugins/mcufinder/ => /home/cthornton/.stmcufinder/plugins/mcufinder
2021-10-06 23:11:32,046 [INFO] CrossReferenceDbSqlite:196 - Set database path to: /home/cthornton/.stmcufinder/plugins/mcufinder//mcu/cs/
2021-10-06 23:11:32,046 [WARN] DbFile:35 - Overriding database path with different value: /home/cthornton/.stmcufinder/plugins/mcufinder/ => /home/cthornton/.stmcufinder/plugins/mcufinder
2021-10-06 23:11:32,046 [INFO] DbExamplesSqlite:767 - Set database path to: /home/cthornton/.stmcufinder/plugins/mcufinder//mcu/
2021-10-06 23:11:32,080 [INFO] MainPanel:214 - HeapMemory: 293601280
2021-10-06 23:11:32,126 [INFO] DbMcusXml:74 - Set database path to: /home/cthornton/Downloads/en.st-stm32cubeide_1.7.0_10852_20210715_0634_amd64.sh_v1.7.0/makeself_dir_k5fivQ/y/plugins/com.st.stm32cube.common.mx_6.3.0.202107141111//db//mcu/
2021-10-06 23:11:32,127 [INFO] DbBoardsPdsc:56 - Set plugin database path to: /home/cthornton/Downloads/en.st-stm32cubeide_1.7.0_10852_20210715_0634_amd64.sh_v1.7.0/makeself_dir_k5fivQ/y/plugins/com.st.stm32cube.common.mx_6.3.0.202107141111//db//plugins/boardmanager/
2021-10-06 23:11:32,127 [INFO] DbMcus:258 - Set plugin images path to: /home/cthornton/Downloads/en.st-stm32cubeide_1.7.0_10852_20210715_0634_amd64.sh_v1.7.0/makeself_dir_k5fivQ/y/plugins/com.st.stm32cube.common.mx_6.3.0.202107141111//db//plugins/mcufinder/images/
2021-10-06 23:11:32,127 [INFO] DbBoards:264 - Set plugin images path to: /home/cthornton/Downloads/en.st-stm32cubeide_1.7.0_10852_20210715_0634_amd64.sh_v1.7.0/makeself_dir_k5fivQ/y/plugins/com.st.stm32cube.common.mx_6.3.0.202107141111//db//plugins/mcufinder/images/
2021-10-06 23:11:32,127 [INFO] DbExamples:333 - Set plugin images path to: /home/cthornton/Downloads/en.st-stm32cubeide_1.7.0_10852_20210715_0634_amd64.sh_v1.7.0/makeself_dir_k5fivQ/y/plugins/com.st.stm32cube.common.mx_6.3.0.202107141111//db//plugins/mcufinder/images/
2021-10-06 23:11:32,127 [WARN] DbFile:35 - Overriding database path with different value: /home/cthornton/.stmcufinder/plugins/mcufinder/ => /home/cthornton/.stmcufinder/plugins/mcufinder
2021-10-06 23:11:32,127 [INFO] DbMcusAds:119 - Set database path to: /home/cthornton/.stmcufinder/plugins/mcufinder//mcu/
2021-10-06 23:11:32,128 [WARN] DbFile:35 - Overriding database path with different value: /home/cthornton/.stmcufinder/plugins/mcufinder/ => /home/cthornton/.stmcufinder/plugins/mcufinder
2021-10-06 23:11:32,128 [INFO] DbMcusDocs:110 - Set database path to: /home/cthornton/.stmcufinder/plugins/mcufinder//mcu/
2021-10-06 23:11:32,128 [WARN] DbFile:35 - Overriding database path with different value: /home/cthornton/.stmcufinder/plugins/mcufinder/ => /home/cthornton/.stmcufinder/plugins/mcufinder
2021-10-06 23:11:32,128 [INFO] DbMcusJson:64 - Set database path to: /home/cthornton/.stmcufinder/plugins/mcufinder//mcu/
2021-10-06 23:11:32,128 [WARN] DbFile:35 - Overriding database path with different value: /home/cthornton/.stmcufinder/plugins/mcufinder/ => /home/cthornton/.stmcufinder/plugins/mcufinder
2021-10-06 23:11:32,128 [INFO] DbBoardsDocs:110 - Set database path to: /home/cthornton/.stmcufinder/plugins/mcufinder//mcu/
2021-10-06 23:11:32,128 [WARN] DbFile:35 - Overriding database path with different value: /home/cthornton/.stmcufinder/plugins/mcufinder/ => /home/cthornton/.stmcufinder/plugins/mcufinder
2021-10-06 23:11:32,128 [INFO] DbBoardsJson:57 - Set database path to: /home/cthornton/.stmcufinder/plugins/mcufinder//mcu/
2021-10-06 23:11:32,128 [WARN] DbFile:35 - Overriding database path with different value: /home/cthornton/.stmcufinder/plugins/mcufinder/ => /home/cthornton/.stmcufinder/plugins/mcufinder
2021-10-06 23:11:32,128 [WARN] DbFile:35 - Overriding database path with different value: /home/cthornton/.stmcufinder/plugins/mcufinder/ => /home/cthornton/.stmcufinder/plugins/mcufinder
2021-10-06 23:11:32,128 [INFO] CrossReferenceDbSqlite:196 - Set database path to: /home/cthornton/.stmcufinder/plugins/mcufinder//mcu/cs/
2021-10-06 23:11:32,129 [WARN] DbFile:35 - Overriding database path with different value: /home/cthornton/.stmcufinder/plugins/mcufinder/ => /home/cthornton/.stmcufinder/plugins/mcufinder
2021-10-06 23:11:32,129 [INFO] DbExamplesSqlite:767 - Set database path to: /home/cthornton/.stmcufinder/plugins/mcufinder//mcu/
2021-10-06 23:11:32,140 [INFO] ApplicationProperties:181 - Using Application install path: /home/cthornton/Downloads/en.st-stm32cubeide_1.7.0_10852_20210715_0634_amd64.sh_v1.7.0/makeself_dir_k5fivQ/y/plugins/com.st.stm32cube.common.mx_6.3.0.202107141111
2021-10-06 23:11:32,141 [INFO] PluginManage:188 - Search for loadable plugins [exclusion list=, ]
2021-10-06 23:11:32,145 [INFO] PluginManage:302 - Check plugin analytics
2021-10-06 23:11:32,243 [INFO] AnalyticsPlugin:257 - Accepted Software Licenses: 
2021-10-06 23:11:32,244 [INFO] AnalyticsPlugin:259 - Accepted CMSIS Pack Licenses: 
2021-10-06 23:11:32,244 [INFO] AnalyticsPlugin:261 - Accepted Firmware Licenses: 
2021-10-06 23:11:32,244 [INFO] PluginManage:352 - Loaded plugin analytics (category:tool,tabindex:-1)
2021-10-06 23:11:32,244 [INFO] PluginManage:302 - Check plugin clock
2021-10-06 23:11:32,252 [INFO] PluginManage:352 - Loaded plugin clock (category:base,tabindex:2)
2021-10-06 23:11:32,252 [INFO] PluginManage:302 - Check plugin ddr
2021-10-06 23:11:32,253 [INFO] PluginManage:352 - Loaded plugin ddr (category:tool,tabindex:6)
2021-10-06 23:11:32,253 [INFO] PluginManage:302 - Check plugin filemanager
2021-10-06 23:11:32,372 [INFO] PluginManage:352 - Loaded plugin filemanager (category:base,tabindex:10)
2021-10-06 23:11:32,372 [INFO] PluginManage:302 - Check plugin ipmanager
2021-10-06 23:11:32,377 [INFO] PluginManage:352 - Loaded plugin ipmanager (category:base,tabindex:5)
2021-10-06 23:11:32,378 [INFO] PluginManage:302 - Check plugin pinoutandconfiguration
2021-10-06 23:11:32,385 [INFO] PluginManage:352 - Loaded plugin pinoutandconfiguration (category:base,tabindex:1)
2021-10-06 23:11:32,385 [INFO] PluginManage:302 - Check plugin pinoutconfig
2021-10-06 23:11:32,403 [INFO] PluginManage:352 - Loaded plugin pinoutconfig (category:base,tabindex:0)
2021-10-06 23:11:32,403 [INFO] PluginManage:302 - Check plugin power
2021-10-06 23:11:32,409 [INFO] PluginManage:352 - Loaded plugin power (category:power,tabindex:4)
2021-10-06 23:11:32,409 [INFO] PluginManage:302 - Check plugin projectmanager
2021-10-06 23:11:32,419 [INFO] PluginManage:352 - Loaded plugin projectmanager (category:projectmanager,tabindex:3)
2021-10-06 23:11:32,420 [INFO] PluginManage:302 - Check plugin thirdparty
2021-10-06 23:11:32,526 [WARN] IntegrityCheckThread:78 - waiting for thirdparty lock release [integrity check]
2021-10-06 23:11:32,527 [INFO] PluginManage:352 - Loaded plugin thirdparty (category:base,tabindex:-1)
2021-10-06 23:11:32,527 [INFO] IntegrityCheckThread:80 - entering critical section [integrity check]
2021-10-06 23:11:32,527 [INFO] PluginManage:302 - Check plugin tools
2021-10-06 23:11:32,528 [INFO] ThirdPartyUpdaterWithRetryManager:66 - Updater plugin not ready yet. [1/15]
2021-10-06 23:11:32,529 [INFO] PluginManage:352 - Loaded plugin tools (category:base,tabindex:7)
2021-10-06 23:11:32,529 [INFO] PluginManage:302 - Check plugin tutovideos
2021-10-06 23:11:32,667 [INFO] PluginManage:352 - Loaded plugin tutovideos (category:base,tabindex:-1)
2021-10-06 23:11:32,668 [INFO] PluginManage:302 - Check plugin updater
2021-10-06 23:11:32,683 [INFO] PluginManage:352 - Loaded plugin updater (category:base,tabindex:12)
2021-10-06 23:11:32,683 [INFO] PluginManage:275 - PluginManage : Loaded plugins [13]
2021-10-06 23:11:32,875 [INFO] PinOutPanel:1463 - setPackage(No Configuration,No Configuration)
2021-10-06 23:11:32,955 [INFO] IPUIPlugin:74 - create IPUIPlugin
2021-10-06 23:11:32,955 [INFO] PluginManager:213 - loadIPPluginJar : add dfsdm
2021-10-06 23:11:32,959 [INFO] IPUIPlugin:74 - create IPUIPlugin
2021-10-06 23:11:32,960 [INFO] PluginManager:213 - loadIPPluginJar : add spi
2021-10-06 23:11:32,962 [INFO] IPUIPlugin:74 - create IPUIPlugin
2021-10-06 23:11:32,962 [INFO] PluginManager:213 - loadIPPluginJar : add sai
2021-10-06 23:11:32,963 [INFO] IPUIPlugin:74 - create IPUIPlugin
2021-10-06 23:11:32,964 [INFO] PluginManager:213 - loadIPPluginJar : add tim
2021-10-06 23:11:32,965 [INFO] IPUIPlugin:74 - create IPUIPlugin
2021-10-06 23:11:32,966 [INFO] PluginManager:213 - loadIPPluginJar : add i2s
2021-10-06 23:11:32,971 [INFO] IPUIPlugin:74 - create IPUIPlugin
2021-10-06 23:11:32,971 [INFO] PluginManager:213 - loadIPPluginJar : add fmc
2021-10-06 23:11:32,976 [INFO] IPUIPlugin:74 - create IPUIPlugin
2021-10-06 23:11:32,977 [INFO] PluginManager:213 - loadIPPluginJar : add adc
2021-10-06 23:11:32,979 [INFO] IPUIPlugin:74 - create IPUIPlugin
2021-10-06 23:11:32,980 [INFO] PluginManager:213 - loadIPPluginJar : add gtzc
2021-10-06 23:11:32,987 [INFO] IPUIPlugin:74 - create IPUIPlugin
2021-10-06 23:11:32,987 [INFO] PluginManager:213 - loadIPPluginJar : add freertos
2021-10-06 23:11:32,989 [INFO] IPUIPlugin:74 - create IPUIPlugin
2021-10-06 23:11:32,989 [INFO] PluginManager:213 - loadIPPluginJar : add ts
2021-10-06 23:11:32,995 [INFO] IPUIPlugin:74 - create IPUIPlugin
2021-10-06 23:11:32,998 [INFO] PluginManager:213 - loadIPPluginJar : add plateformsettings
2021-10-06 23:11:33,019 [INFO] IPUIPlugin:74 - create IPUIPlugin
2021-10-06 23:11:33,019 [INFO] PluginManager:213 - loadIPPluginJar : add openamp
2021-10-06 23:11:33,021 [INFO] IPUIPlugin:74 - create IPUIPlugin
2021-10-06 23:11:33,021 [INFO] PluginManager:213 - loadIPPluginJar : add aes
2021-10-06 23:11:33,026 [INFO] IPUIPlugin:74 - create IPUIPlugin
2021-10-06 23:11:33,027 [INFO] PluginManager:213 - loadIPPluginJar : add dma
2021-10-06 23:11:33,028 [INFO] IPUIPlugin:74 - create IPUIPlugin
2021-10-06 23:11:33,028 [INFO] PluginManager:213 - loadIPPluginJar : add quadspi
2021-10-06 23:11:33,031 [INFO] IPUIPlugin:74 - create IPUIPlugin
2021-10-06 23:11:33,031 [INFO] PluginManager:213 - loadIPPluginJar : add mdma
2021-10-06 23:11:33,034 [INFO] IPUIPlugin:74 - create IPUIPlugin
2021-10-06 23:11:33,034 [INFO] PluginManager:213 - loadIPPluginJar : add nvic
2021-10-06 23:11:33,036 [INFO] IPUIPlugin:74 - create IPUIPlugin
2021-10-06 23:11:33,037 [INFO] PluginManager:213 - loadIPPluginJar : add pdm2pcm
2021-10-06 23:11:33,038 [INFO] IPUIPlugin:74 - create IPUIPlugin
2021-10-06 23:11:33,038 [INFO] PluginManager:213 - loadIPPluginJar : add ucpd
2021-10-06 23:11:33,041 [INFO] IPUIPlugin:74 - create IPUIPlugin
2021-10-06 23:11:33,041 [INFO] PluginManager:213 - loadIPPluginJar : add stm32_wpan
2021-10-06 23:11:33,043 [INFO] IPUIPlugin:74 - create IPUIPlugin
2021-10-06 23:11:33,043 [INFO] PluginManager:213 - loadIPPluginJar : add usbx
2021-10-06 23:11:33,046 [INFO] IPUIPlugin:74 - create IPUIPlugin
2021-10-06 23:11:33,046 [INFO] PluginManager:213 - loadIPPluginJar : add resmgrutility
2021-10-06 23:11:33,048 [INFO] IPUIPlugin:74 - create IPUIPlugin
2021-10-06 23:11:33,049 [INFO] PluginManager:213 - loadIPPluginJar : add ipddr
2021-10-06 23:11:33,050 [INFO] IPUIPlugin:74 - create IPUIPlugin
2021-10-06 23:11:33,050 [INFO] PluginManager:213 - loadIPPluginJar : add cryp
2021-10-06 23:11:33,051 [INFO] IPUIPlugin:74 - create IPUIPlugin
2021-10-06 23:11:33,051 [INFO] PluginManager:213 - loadIPPluginJar : add tsc
2021-10-06 23:11:33,057 [INFO] IPUIPlugin:74 - create IPUIPlugin
2021-10-06 23:11:33,057 [INFO] PluginManager:213 - loadIPPluginJar : add linkedlist
2021-10-06 23:11:33,059 [INFO] IPUIPlugin:74 - create IPUIPlugin
2021-10-06 23:11:33,059 [INFO] PluginManager:213 - loadIPPluginJar : add dma3
2021-10-06 23:11:33,061 [INFO] IPUIPlugin:74 - create IPUIPlugin
2021-10-06 23:11:33,062 [INFO] PluginManager:213 - loadIPPluginJar : add usart
2021-10-06 23:11:33,065 [INFO] IPUIPlugin:74 - create IPUIPlugin
2021-10-06 23:11:33,065 [INFO] PluginManager:213 - loadIPPluginJar : add gpio
2021-10-06 23:11:33,070 [INFO] IPUIPlugin:74 - create IPUIPlugin
2021-10-06 23:11:33,070 [INFO] PluginManager:213 - loadIPPluginJar : add gic
2021-10-06 23:11:33,071 [INFO] IPUIPlugin:74 - create IPUIPlugin
2021-10-06 23:11:33,071 [INFO] PluginManager:213 - loadIPPluginJar : add ltdc
2021-10-06 23:11:33,073 [INFO] IPUIPlugin:74 - create IPUIPlugin
2021-10-06 23:11:33,073 [INFO] PluginManager:213 - loadIPPluginJar : add opamp
2021-10-06 23:11:33,074 [INFO] IPUIPlugin:74 - create IPUIPlugin
2021-10-06 23:11:33,074 [INFO] PluginManager:213 - loadIPPluginJar : add i2c
2021-10-06 23:11:33,075 [INFO] IPUIPlugin:74 - create IPUIPlugin
2021-10-06 23:11:33,075 [INFO] PluginManager:213 - loadIPPluginJar : add genericplugin
2021-10-06 23:11:33,076 [INFO] IPUIPlugin:74 - create IPUIPlugin
2021-10-06 23:11:33,076 [INFO] PluginManager:213 - loadIPPluginJar : add comp
2021-10-06 23:11:33,078 [INFO] IPUIPlugin:74 - create IPUIPlugin
2021-10-06 23:11:33,078 [INFO] PluginManager:213 - loadIPPluginJar : add touchsensing
2021-10-06 23:11:33,079 [INFO] IPUIPlugin:74 - create IPUIPlugin
2021-10-06 23:11:33,080 [INFO] PluginManager:213 - loadIPPluginJar : add lorawan
2021-10-06 23:11:33,080 [INFO] IPUIPlugin:74 - create IPUIPlugin
2021-10-06 23:11:33,080 [INFO] PluginManager:213 - loadIPPluginJar : add fatfs
2021-10-06 23:11:33,081 [INFO] IPUIPlugin:74 - create IPUIPlugin
2021-10-06 23:11:33,082 [INFO] PluginManager:213 - loadIPPluginJar : add hash
2021-10-06 23:11:33,083 [INFO] IPUIPlugin:74 - create IPUIPlugin
2021-10-06 23:11:33,083 [INFO] PluginManager:213 - loadIPPluginJar : add tracer_emb
2021-10-06 23:11:33,084 [INFO] IPUIPlugin:74 - create IPUIPlugin
2021-10-06 23:11:33,084 [INFO] PluginManager:213 - loadIPPluginJar : add gfxmmu
2021-10-06 23:11:33,085 [INFO] IPUIPlugin:74 - create IPUIPlugin
2021-10-06 23:11:33,085 [INFO] PluginManager:213 - loadIPPluginJar : add can
2021-10-06 23:11:33,303 [FATAL] Updater:294 - Updater called before beeing initialized
2021-10-06 23:11:33,381 [FATAL] Updater:294 - Updater called before beeing initialized
2021-10-06 23:11:33,387 [INFO] DbMcusAds:47 - JSON generation date=Thu Sep 30 01:55:10 CDT 2021 (1632984910476)
2021-10-06 23:11:33,387 [FATAL] Updater:294 - Updater called before beeing initialized
2021-10-06 23:11:33,418 [WARN] DetailPanel:314 - Failed to get advertising image, set to default
2021-10-06 23:11:33,495 [FATAL] Updater:294 - Updater called before beeing initialized
2021-10-06 23:11:33,496 [FATAL] Updater:294 - Updater called before beeing initialized
2021-10-06 23:11:33,496 [FATAL] Updater:294 - Updater called before beeing initialized
2021-10-06 23:11:33,496 [WARN] DetailPanel:314 - Failed to get advertising image, set to default
2021-10-06 23:11:33,497 [FATAL] Updater:294 - Updater called before beeing initialized
2021-10-06 23:11:33,524 [ERROR] Updater:1075 - MainUpdater not yet initialized. External WinMGr cannot be set.
2021-10-06 23:11:33,526 [INFO] Updater:1012 - Updater Version found : 6.3.0
2021-10-06 23:11:33,539 [INFO] ApplicationProperties:181 - Using Application install path: /home/cthornton/Downloads/en.st-stm32cubeide_1.7.0_10852_20210715_0634_amd64.sh_v1.7.0/makeself_dir_k5fivQ/y/plugins/com.st.stm32cube.common.mx_6.3.0.202107141111
2021-10-06 23:11:33,775 [INFO] MainUpdater:2671 - connection check result : 10
2021-10-06 23:11:33,776 [INFO] MainUpdater:265 - Updater Check For Update Now.
2021-10-06 23:11:33,777 [INFO] MicroXplorer:478 - Change Database Version : DB.6.0.30
2021-10-06 23:11:33,941 [INFO] CheckServerUpdateThread:112 - End of CheckServer Thread
2021-10-06 23:11:33,990 [INFO] MainUpdater:2671 - connection check result : 10
2021-10-06 23:11:34,254 [INFO] McuFinderGlobals:52 - Set McuFinderConnectedMode to false
2021-10-06 23:11:34,396 [INFO] CrossSelectorPresenter:1330 - Cross Selector saved comparison directory: /home/cthornton/.stmcufinder/plugins/mcufinder/mcu/cs_comparisons_mx
2021-10-06 23:11:34,401 [INFO] MultiScanPanel:197 - Auto-refresh data requested => check proxy status ongoing
2021-10-06 23:11:34,401 [INFO] MultiScanPanel:201 - Proxy status is invalid
2021-10-06 23:11:34,405 [INFO] FinderPluginLoader:87 - Searching for filters in installed packs
2021-10-06 23:11:34,406 [INFO] DbMcusXml:100 - Load MCU database from /home/cthornton/Downloads/en.st-stm32cubeide_1.7.0_10852_20210715_0634_amd64.sh_v1.7.0/makeself_dir_k5fivQ/y/plugins/com.st.stm32cube.common.mx_6.3.0.202107141111//db//mcu/families.xml
2021-10-06 23:11:35,193 [INFO] DbMcusJson:93 - JSON generation date=Mon Jun 07 03:53:21 CDT 2021 (1623056001)
2021-10-06 23:11:35,709 [WARN] PackLoader:238 - Cannot read IP mode file for RoweBots.I-CUBE-UNISONRTOS.5.5.0-4
2021-10-06 23:11:35,893 [WARN] PackLoader:238 - Cannot read IP mode file for STMicroelectronics.X-CUBE-MEMS1.9.0.0
2021-10-06 23:11:36,299 [WARN] PackLoader:238 - Cannot read IP mode file for SEGGER.I-CUBE-embOS.1.2.0
2021-10-06 23:11:36,372 [WARN] PackLoader:238 - Cannot read IP mode file for STMicroelectronics.X-CUBE-BLE1.6.2.1
2021-10-06 23:11:36,385 [WARN] PackLoader:238 - Cannot read IP mode file for STMicroelectronics.X-CUBE-BLE2.3.2.1
2021-10-06 23:11:36,396 [WARN] PackLoader:238 - Cannot read IP mode file for STMicroelectronics.X-CUBE-NFC4.2.0.3
2021-10-06 23:11:36,403 [WARN] PackLoader:238 - Cannot read IP mode file for wolfSSL.I-CUBE-wolfSSL.4.8.0
2021-10-06 23:11:36,407 [WARN] PackLoader:238 - Cannot read IP mode file for STMicroelectronics.X-CUBE-TOUCHGFX.4.17.0
2021-10-06 23:11:36,414 [WARN] PackLoader:238 - Cannot read IP mode file for STMicroelectronics.X-CUBE-SFXS2LP1.3.1.0
2021-10-06 23:11:36,460 [WARN] PackLoader:238 - Cannot read IP mode file for STMicroelectronics.X-CUBE-AZRTOS-F4.1.0.0
2021-10-06 23:11:36,497 [WARN] PackLoader:238 - Cannot read IP mode file for STMicroelectronics.X-CUBE-AZRTOS-H7.2.0.0
2021-10-06 23:11:36,546 [WARN] PackLoader:238 - Cannot read IP mode file for STMicroelectronics.X-CUBE-AZRTOS-L4.1.0.0
2021-10-06 23:11:36,557 [WARN] PackLoader:238 - Cannot read IP mode file for STMicroelectronics.X-CUBE-TOF1.2.0.0
2021-10-06 23:11:36,581 [WARN] PackLoader:238 - Cannot read IP mode file for STMicroelectronics.X-CUBE-SUBG2.4.2.0
2021-10-06 23:11:36,595 [WARN] PackLoader:238 - Cannot read IP mode file for STMicroelectronics.X-CUBE-ALS.1.0.1
2021-10-06 23:11:36,599 [WARN] PackLoader:238 - Cannot read IP mode file for STMicroelectronics.X-CUBE-AI.7.0.0
2021-10-06 23:11:36,605 [WARN] PackLoader:238 - Cannot read IP mode file for STMicroelectronics.X-CUBE-ALGOBUILD.1.2.1
2021-10-06 23:11:36,608 [WARN] PackLoader:238 - Cannot read IP mode file for STMicroelectronics.X-CUBE-DISPLAY.1.0.0
2021-10-06 23:11:36,617 [WARN] PackLoader:238 - Cannot read IP mode file for STMicroelectronics.X-CUBE-EEPRMA1.3.1.0
2021-10-06 23:11:36,626 [WARN] PackLoader:238 - Cannot read IP mode file for STMicroelectronics.X-CUBE-GNSS1.5.2.0
2021-10-06 23:11:36,628 [INFO] ThirdParty:915 - Integrity check success = true
2021-10-06 23:11:36,628 [INFO] IntegrityCheckThread:94 - exiting critical section [integrity check]
2021-10-06 23:11:36,628 [INFO] IntegrityCheckThread:97 - End integrity checks thread
2021-10-06 23:11:36,632 [INFO] DbMcus:175 - Found 1951 MCUs (1903 are supported by CubeMX, 1903 are visible in CubeMX)
2021-10-06 23:11:36,633 [INFO] ApiDb:242 - User favorites file not found: /home/cthornton/.stm32cubeide/favorites.mcus.txt
2021-10-06 23:11:36,633 [INFO] DbMcus:187 - Set 0 / 0 favorites MCUs
2021-10-06 23:11:37,344 [INFO] DetailPanel:309 - Set advertising image to /home/cthornton/STM32Cube/Repository//en.Prom_NBSTM32U50921.jpg
2021-10-06 23:11:38,207 [INFO] DbBoardsPdsc:90 - Found 9 items
2021-10-06 23:11:38,208 [INFO] DbBoardsPdsc:90 - Found 5 items
2021-10-06 23:11:38,211 [INFO] DbBoardsPdsc:90 - Found 33 items
2021-10-06 23:11:38,217 [INFO] DbBoardsPdsc:90 - Found 48 items
2021-10-06 23:11:38,219 [INFO] DbBoardsPdsc:90 - Found 25 items
2021-10-06 23:11:38,226 [INFO] DbBoardsPdsc:90 - Found 43 items
2021-10-06 23:11:38,228 [INFO] DbBoardsPdsc:90 - Found 2 items
2021-10-06 23:11:38,230 [INFO] DbBoardsPdsc:90 - Found 1 items
2021-10-06 23:11:38,243 [WARN] DbBoardsPdsc:254 - Board STM32H7B3I-DK: unknown feature type=Audio, name=, username=Audio stereo codec with Headphone Amp (CS42L51-CNZ), n=1
2021-10-06 23:11:38,244 [WARN] DbBoardsPdsc:254 - Board STM32H735G-DK: unknown feature type=Audio, name=, username=Audio stereo codec with Headphone Amp (WM8994ECS/R), n=1
2021-10-06 23:11:38,249 [WARN] DbBoardsPdsc:254 - Board STM32H7B3I-EVAL: unknown feature type=Audio, name=, username=Multi-Channel Audio Codec (CS42L51-CNZ), n=1
2021-10-06 23:11:38,249 [WARN] DbBoardsPdsc:254 - Board STM32H7B3I-EVAL: unknown feature type=Meter, name=, username=Power-metering and Temperature-monitoring with sigma-delta modulators, n=1
2021-10-06 23:11:38,249 [WARN] DbBoardsPdsc:254 - Board STM32H7B3I-EVAL: unknown feature type=Motor, name=, username=Motor Control, n=1
2021-10-06 23:11:38,251 [WARN] DbBoardsPdsc:254 - Board STM32U575I-EV: unknown feature type=joystick, name=, username=4-direction joystick with selection button, n=1
2021-10-06 23:11:38,281 [INFO] DbBoardsJson:86 - JSON generation date=Tue Jun 01 00:52:40 CDT 2021 (1622526760)
2021-10-06 23:11:38,296 [INFO] DbBoards:117 - Found 166 boards (163 are supported by CubeMX)
2021-10-06 23:11:38,321 [INFO] DbBoardsDocs:143 - JSON generation date=Tue Jun 01 00:52:40 CDT 2021 (1622526760)
2021-10-06 23:11:38,364 [INFO] DbBoardsDocs:79 - Found 193 boards documents
2021-10-06 23:11:38,365 [WARN] DbBoards:127 - board B-L462E-CELL1 has no document id list !
2021-10-06 23:11:38,365 [WARN] DbBoards:127 - board B-L475E-IOT01A2 has no document id list !
2021-10-06 23:11:38,366 [WARN] DbBoards:127 - board B-U585I-IOT02A has no document id list !
2021-10-06 23:11:38,368 [WARN] DbBoards:127 - board NUCLEO-G0B1RE has no document id list !
2021-10-06 23:11:38,369 [WARN] DbBoards:127 - board NUCLEO-H743ZI has no document id list !
2021-10-06 23:11:38,370 [WARN] DbBoards:127 - board NUCLEO-L4A6ZG has no document id list !
2021-10-06 23:11:38,371 [WARN] DbBoards:127 - board NUCLEO-U575ZI-Q has no document id list !
2021-10-06 23:11:38,371 [WARN] DbBoards:127 - board NUCLEO-WB15CC has no document id list !
2021-10-06 23:11:38,371 [WARN] DbBoards:127 - board NUCLEO-WB55RG has no document id list !
2021-10-06 23:11:38,371 [WARN] DbBoards:127 - board NUCLEO-WL55JC2 has no document id list !
2021-10-06 23:11:38,371 [WARN] DbBoards:127 - board P-NUCLEO-WB55-Nucleo has no document id list !
2021-10-06 23:11:38,372 [WARN] DbBoards:127 - board P-NUCLEO-WB55-USBDongle has no document id list !
2021-10-06 23:11:38,372 [WARN] DbBoards:127 - board STEVAL-BFA001V1B has no document id list !
2021-10-06 23:11:38,372 [WARN] DbBoards:127 - board STEVAL-BFA001V2B has no document id list !
2021-10-06 23:11:38,372 [WARN] DbBoards:127 - board STEVAL-IDP005V1 has no document id list !
2021-10-06 23:11:38,372 [WARN] DbBoards:127 - board STEVAL-IDP005V2 has no document id list !
2021-10-06 23:11:38,372 [WARN] DbBoards:127 - board STEVAL-MKSBOX1V1 has no document id list !
2021-10-06 23:11:38,372 [WARN] DbBoards:127 - board STEVAL-STWINKT1 has no document id list !
2021-10-06 23:11:38,372 [WARN] DbBoards:127 - board STEVAL-STWINKT1B has no document id list !
2021-10-06 23:11:38,373 [WARN] DbBoards:127 - board STM32F401C-DISCO has no document id list !
2021-10-06 23:11:38,375 [WARN] DbBoards:127 - board STM32F769I-DISC1 has no document id list !
2021-10-06 23:11:38,375 [WARN] DbBoards:127 - board STM32G0C1E-EV has no document id list !
2021-10-06 23:11:38,375 [WARN] DbBoards:127 - board STM32G474E-EVAL1 has no document id list !
2021-10-06 23:11:38,376 [WARN] DbBoards:127 - board STM32H743I-EVAL2 has no document id list !
2021-10-06 23:11:38,376 [WARN] DbBoards:127 - board STM32H747I-DISC1 has no document id list !
2021-10-06 23:11:38,377 [WARN] DbBoards:127 - board STM32H753I-EVAL2 has no document id list !
2021-10-06 23:11:38,377 [WARN] DbBoards:127 - board STM32L-DISCOVERY has no document id list !
2021-10-06 23:11:38,378 [WARN] DbBoards:127 - board STM32MP157A-DK1 has no document id list !
2021-10-06 23:11:38,378 [WARN] DbBoards:127 - board STM32MP157D-DK1 has no document id list !
2021-10-06 23:11:38,378 [WARN] DbBoards:127 - board STM32MP157D-EV1 has no document id list !
2021-10-06 23:11:38,379 [WARN] DbBoards:127 - board STM32MP157F-DK2 has no document id list !
2021-10-06 23:11:38,379 [WARN] DbBoards:127 - board STM32MP157F-EV1 has no document id list !
2021-10-06 23:11:38,379 [WARN] DbBoards:127 - board STM32U575I-EV has no document id list !
2021-10-06 23:11:38,379 [WARN] DbBoards:127 - board STM32WB5MM-DK has no document id list !
2021-10-06 23:11:39,998 [ERROR] DbBoards:189 - Image file not found for board STM32U575I-EV: /home/cthornton/Downloads/en.st-stm32cubeide_1.7.0_10852_20210715_0634_amd64.sh_v1.7.0/makeself_dir_k5fivQ/y/plugins/com.st.stm32cube.common.mx_6.3.0.202107141111//db//plugins/mcufinder/images/boards/stm32u575i-ev_small.jpg
2021-10-06 23:11:40,048 [INFO] ApiDb:242 - User favorites file not found: /home/cthornton/.stm32cubeide/favorites.boards.txt
2021-10-06 23:11:40,048 [INFO] DbBoards:206 - Set 0 / 0 favorites Boards
2021-10-06 23:12:05,555 [INFO] MainUpdater:2671 - connection check result : 10
2021-10-06 23:12:05,556 [INFO] MainUpdater:2671 - connection check result : 10
2021-10-06 23:12:05,658 [INFO] MicroXplorer:448 - Change Database Path : 
2021-10-06 23:12:05,658 [INFO] MicroXplorer:478 - Change Database Version : DB.6.0.30
2021-10-06 23:12:05,659 [WARN] ThirdParty:813 - waiting for thirdparty lock release [close project]
2021-10-06 23:12:05,660 [INFO] ThirdParty:815 - entering critical section [close project]
2021-10-06 23:12:05,663 [INFO] ThirdParty:825 - exiting critical section [close project]
2021-10-06 23:12:05,671 [INFO] PinOutPanel:1463 - setPackage(No Configuration,No Configuration)
2021-10-06 23:12:05,672 [INFO] UtilMem:74 - Begin LoadConfig() Used Memory: 415875296 Bytes (565182464)
2021-10-06 23:12:05,673 [INFO] MicroXplorer:448 - Change Database Path : 
2021-10-06 23:12:05,673 [INFO] MicroXplorer:478 - Change Database Version : DB.6.0.30
2021-10-06 23:12:05,673 [INFO] OpenFileManager:313 - Change cursor
2021-10-06 23:12:06,470 [INFO] Context:592 - Trying to add GPIOservice into a context  which must be forbidden
2021-10-06 23:12:06,795 [WARN] ApiManager:304 - Cannot register API 'Board Extension:S2868A1' from pack STMicroelectronics.X-CUBE-SFXS2LP1.3.1.0: no header file found
2021-10-06 23:12:06,796 [WARN] ApiManager:304 - Cannot register API 'Board Extension:S2868A2' from pack STMicroelectronics.X-CUBE-SFXS2LP1.3.1.0: no header file found
2021-10-06 23:12:06,796 [WARN] ApiManager:304 - Cannot register API 'Board Extension:S2915A1' from pack STMicroelectronics.X-CUBE-SFXS2LP1.3.1.0: no header file found
2021-10-06 23:12:06,809 [WARN] ModelIntegratedComponent:60 - No mode defined for component null
2021-10-06 23:12:06,809 [WARN] ModelIntegratedComponent:60 - No mode defined for component null
2021-10-06 23:12:06,809 [WARN] ModelIntegratedComponent:60 - No mode defined for component null
2021-10-06 23:12:06,809 [WARN] ModelIntegratedComponent:60 - No mode defined for component null
2021-10-06 23:12:06,809 [WARN] ModelIntegratedComponent:60 - No mode defined for component null
2021-10-06 23:12:06,809 [WARN] ModelIntegratedComponent:60 - No mode defined for component null
2021-10-06 23:12:06,810 [WARN] ModelIntegratedComponent:60 - No mode defined for component null
2021-10-06 23:12:06,810 [WARN] ModelIntegratedComponent:60 - No mode defined for component null
2021-10-06 23:12:06,810 [WARN] ModelIntegratedComponent:60 - No mode defined for component null
2021-10-06 23:12:06,810 [WARN] ModelIntegratedComponent:60 - No mode defined for component null
2021-10-06 23:12:06,810 [WARN] ModelIntegratedComponent:60 - No mode defined for component null
2021-10-06 23:12:06,810 [WARN] ModelIntegratedComponent:60 - No mode defined for component null
2021-10-06 23:12:06,810 [WARN] ModelIntegratedComponent:60 - No mode defined for component null
2021-10-06 23:12:06,810 [WARN] ModelIntegratedComponent:60 - No mode defined for component null
2021-10-06 23:12:06,810 [WARN] ModelIntegratedComponent:60 - No mode defined for component null
2021-10-06 23:12:06,810 [WARN] ModelIntegratedComponent:60 - No mode defined for component null
2021-10-06 23:12:06,810 [WARN] ModelIntegratedComponent:60 - No mode defined for component null
2021-10-06 23:12:06,810 [WARN] ModelIntegratedComponent:60 - No mode defined for component null
2021-10-06 23:12:06,810 [WARN] ModelIntegratedComponent:60 - No mode defined for component null
2021-10-06 23:12:06,810 [WARN] ModelIntegratedComponent:60 - No mode defined for component null
2021-10-06 23:12:06,810 [WARN] ModelIntegratedComponent:60 - No mode defined for component null
2021-10-06 23:12:06,811 [WARN] ModelIntegratedComponent:60 - No mode defined for component null
2021-10-06 23:12:06,811 [WARN] ModelIntegratedComponent:60 - No mode defined for component null
2021-10-06 23:12:06,811 [WARN] ModelIntegratedComponent:60 - No mode defined for component null
2021-10-06 23:12:06,811 [WARN] ModelIntegratedComponent:60 - No mode defined for component null
2021-10-06 23:12:06,811 [WARN] ModelIntegratedComponent:60 - No mode defined for component null
2021-10-06 23:12:06,811 [WARN] ModelIntegratedComponent:60 - No mode defined for component null
2021-10-06 23:12:06,811 [WARN] ModelIntegratedComponent:60 - No mode defined for component null
2021-10-06 23:12:06,811 [WARN] ModelIntegratedComponent:60 - No mode defined for component null
2021-10-06 23:12:06,811 [WARN] ModelIntegratedComponent:60 - No mode defined for component null
2021-10-06 23:12:06,811 [WARN] ModelIntegratedComponent:60 - No mode defined for component null
2021-10-06 23:12:06,926 [WARN] ApiManager:304 - Cannot register API 'Board Extension:IKS01A3' from pack STMicroelectronics.X-CUBE-MEMS1.9.0.0: no header file found
2021-10-06 23:12:06,927 [WARN] ApiManager:304 - Cannot register API 'Board Extension:IKS01A2' from pack STMicroelectronics.X-CUBE-MEMS1.9.0.0: no header file found
2021-10-06 23:12:06,927 [WARN] ApiManager:304 - Cannot register API 'Board Extension:IKS02A1' from pack STMicroelectronics.X-CUBE-MEMS1.9.0.0: no header file found
2021-10-06 23:12:06,937 [WARN] ApiManager:304 - Cannot register API 'Board Extension:S2868A1' from pack STMicroelectronics.X-CUBE-SUBG2.4.2.0: no header file found
2021-10-06 23:12:06,937 [WARN] ApiManager:304 - Cannot register API 'Board Extension:S2868A2' from pack STMicroelectronics.X-CUBE-SUBG2.4.2.0: no header file found
2021-10-06 23:12:06,937 [WARN] ApiManager:304 - Cannot register API 'Board Extension:S2915A1' from pack STMicroelectronics.X-CUBE-SUBG2.4.2.0: no header file found
2021-10-06 23:12:06,942 [INFO] RtosManager:484 - Registered RTOS mode: class=CMSIS, group=RTOS, mode=CMSIS_V1, owner=FREERTOS
2021-10-06 23:12:06,942 [INFO] RtosManager:484 - Registered RTOS mode: class=CMSIS, group=RTOS2, mode=CMSIS_V2, owner=FREERTOS
2021-10-06 23:12:06,942 [INFO] RtosManager:484 - Registered RTOS mode: class=RTOS, group=Core, mode=CMSIS_V1, owner=FREERTOS
2021-10-06 23:12:06,942 [INFO] RtosManager:484 - Registered RTOS mode: class=RTOS, group=Core, mode=CMSIS_V2, owner=FREERTOS
2021-10-06 23:12:06,942 [WARN] ModelIntegratedComponent:181 - Missing modes for component STMicroelectronics:FreeRTOS:0.0.1:STMicroelectronics:RTOS:FreeRTOS:Core:::10.2.0:
2021-10-06 23:12:06,946 [WARN] ApiManager:304 - Cannot register API 'Board Extension:EEPRMA1' from pack STMicroelectronics.X-CUBE-EEPRMA1.3.1.0: no header file found
2021-10-06 23:12:06,946 [WARN] ApiManager:304 - Cannot register API 'Board Extension:EEPRMA2' from pack STMicroelectronics.X-CUBE-EEPRMA1.3.1.0: no header file found
2021-10-06 23:12:06,947 [WARN] ApiManager:304 - Cannot register API 'Board Extension:GNSS1A1' from pack STMicroelectronics.X-CUBE-GNSS1.5.2.0: no header file found
2021-10-06 23:12:06,947 [WARN] ApiManager:304 - Cannot register API 'Board Support:Custom' from pack STMicroelectronics.X-CUBE-GNSS1.5.2.0: no header file found
2021-10-06 23:12:06,947 [WARN] ApiManager:304 - Cannot register API 'Data Exchange:lib_gnss' from pack STMicroelectronics.X-CUBE-GNSS1.5.2.0: no header file found
2021-10-06 23:12:06,948 [WARN] ApiManager:304 - Cannot register API 'Wireless:BlueNRG-MS' from pack STMicroelectronics.X-CUBE-BLE1.6.2.1: no header file found
2021-10-06 23:12:06,948 [WARN] ApiManager:304 - Cannot register API 'Wireless:BlueNRG-2' from pack STMicroelectronics.X-CUBE-BLE2.3.2.1: no header file found
2021-10-06 23:12:06,949 [WARN] ApiManager:304 - Cannot register API 'Board Extension:NFC04A1' from pack STMicroelectronics.X-CUBE-NFC4.2.0.3: no header file found
2021-10-06 23:12:07,330 [INFO] RtosManager:791 - Current active RTOS is FREERTOS [Cortex-M3NS]
2021-10-06 23:12:07,341 [INFO] ImportTextPane:167 - (OptionalMessage_ERROR) IP (RCC) : Invalid parameter (FamilyName)
2021-10-06 23:12:07,540 [INFO] UtilMem:74 - End LoadConfig() Used Memory: 433352096 Bytes (565182464)
2021-10-06 23:12:07,542 [WARN] ThirdParty:779 - waiting for thirdparty lock release [change project]
2021-10-06 23:12:07,542 [INFO] ThirdParty:781 - entering critical section [change project]
2021-10-06 23:12:07,542 [INFO] ThirdParty:967 - CMSIS Pack Vendor :STMicroelectronics X-CUBE-SFXS2LP1 3.1.0
2021-10-06 23:12:07,542 [INFO] ThirdParty:967 - CMSIS Pack Vendor :RoweBots I-CUBE-UNISONRTOS 5.5.0-4
2021-10-06 23:12:07,543 [INFO] ThirdParty:967 - CMSIS Pack Vendor :STMicroelectronics X-CUBE-AZRTOS-F4 1.0.0
2021-10-06 23:12:07,543 [INFO] ThirdParty:967 - CMSIS Pack Vendor :STMicroelectronics USB_HOST 2.0.0
2021-10-06 23:12:07,543 [INFO] ThirdParty:967 - CMSIS Pack Vendor :STMicroelectronics X-CUBE-AZRTOS-H7 2.0.0
2021-10-06 23:12:07,543 [INFO] ThirdParty:967 - CMSIS Pack Vendor :STMicroelectronics X-CUBE-AZRTOS-L4 1.0.0
2021-10-06 23:12:07,543 [INFO] ThirdParty:967 - CMSIS Pack Vendor :STMicroelectronics USB_DEVICE 3.0.0
2021-10-06 23:12:07,543 [INFO] ThirdParty:967 - CMSIS Pack Vendor :STMicroelectronics X-CUBE-TOF1 2.0.0
2021-10-06 23:12:07,544 [INFO] ThirdParty:967 - CMSIS Pack Vendor :STMicroelectronics HAL Drivers 0.0.0
2021-10-06 23:12:07,544 [INFO] ThirdParty:967 - CMSIS Pack Vendor :STMicroelectronics MBEDTLS 2.16.2
2021-10-06 23:12:07,544 [INFO] ThirdParty:967 - CMSIS Pack Vendor :STMicroelectronics MBEDTLS 2.14.1
2021-10-06 23:12:07,544 [INFO] ThirdParty:967 - CMSIS Pack Vendor :STMicroelectronics X-CUBE-MEMS1 9.0.0
2021-10-06 23:12:07,544 [INFO] ThirdParty:967 - CMSIS Pack Vendor :STMicroelectronics X-CUBE-SUBG2 4.2.0
2021-10-06 23:12:07,544 [INFO] ThirdParty:967 - CMSIS Pack Vendor :STMicroelectronics X-CUBE-ALS 1.0.1
2021-10-06 23:12:07,545 [INFO] ThirdParty:967 - CMSIS Pack Vendor :STMicroelectronics USB_DEVICE 2.0.0
2021-10-06 23:12:07,545 [INFO] ThirdParty:967 - CMSIS Pack Vendor :STMicroelectronics X-CUBE-AI 7.0.0
2021-10-06 23:12:07,545 [INFO] ThirdParty:967 - CMSIS Pack Vendor :STMicroelectronics X-CUBE-ALGOBUILD 1.2.1
2021-10-06 23:12:07,545 [INFO] ThirdParty:967 - CMSIS Pack Vendor :STMicroelectronics X-CUBE-DISPLAY 1.0.0
2021-10-06 23:12:07,545 [INFO] ThirdParty:967 - CMSIS Pack Vendor :STMicroelectronics FreeRTOS 0.0.1
2021-10-06 23:12:07,545 [INFO] ThirdParty:967 - CMSIS Pack Vendor :STMicroelectronics USB_DEVICE 1.0.0
2021-10-06 23:12:07,546 [INFO] ThirdParty:967 - CMSIS Pack Vendor :SEGGER I-CUBE-embOS 1.2.0
2021-10-06 23:12:07,546 [INFO] ThirdParty:967 - CMSIS Pack Vendor :STMicroelectronics X-CUBE-EEPRMA1 3.1.0
2021-10-06 23:12:07,546 [INFO] ThirdParty:967 - CMSIS Pack Vendor :STMicroelectronics X-CUBE-GNSS1 5.2.0
2021-10-06 23:12:07,546 [INFO] ThirdParty:967 - CMSIS Pack Vendor :STMicroelectronics ThreadX 0.0.2
2021-10-06 23:12:07,546 [INFO] ThirdParty:967 - CMSIS Pack Vendor :STMicroelectronics lwIP 2.0.3
2021-10-06 23:12:07,546 [INFO] ThirdParty:967 - CMSIS Pack Vendor :STMicroelectronics lwIP 2.1.2
2021-10-06 23:12:07,547 [INFO] ThirdParty:967 - CMSIS Pack Vendor :STMicroelectronics X-CUBE-BLE1 6.2.1
2021-10-06 23:12:07,547 [INFO] ThirdParty:967 - CMSIS Pack Vendor :STMicroelectronics X-CUBE-BLE2 3.2.1
2021-10-06 23:12:07,547 [INFO] ThirdParty:967 - CMSIS Pack Vendor :STMicroelectronics USB_HOST 1.0.0
2021-10-06 23:12:07,547 [INFO] ThirdParty:967 - CMSIS Pack Vendor :STMicroelectronics X-CUBE-NFC4 2.0.3
2021-10-06 23:12:07,547 [INFO] ThirdParty:967 - CMSIS Pack Vendor :wolfSSL I-CUBE-wolfSSL 4.8.0
2021-10-06 23:12:07,547 [INFO] ThirdParty:967 - CMSIS Pack Vendor :STMicroelectronics X-CUBE-TOUCHGFX 4.17.0
2021-10-06 23:12:07,548 [INFO] ThirdParty:967 - CMSIS Pack Vendor :STMicroelectronics PDM2PCM 3.1.0
2021-10-06 23:12:07,548 [INFO] ThirdParty:967 - CMSIS Pack Vendor :STMicroelectronics PDM2PCM 3.2.0
2021-10-06 23:12:07,548 [INFO] ThirdParty:967 - CMSIS Pack Vendor :STMicroelectronics PDM2PCM 3.3.0
2021-10-06 23:12:07,548 [INFO] ThirdParty:787 - exiting critical section [change project]
2021-10-06 23:12:07,791 [INFO] PinOutPanel:1463 - setPackage(No Configuration,No Configuration)
2021-10-06 23:12:07,792 [INFO] PinOutPanel:1463 - setPackage(STM32F103C8Tx,LQFP48)
2021-10-06 23:12:08,349 [INFO] UtilMem:74 - Before build in PCC Used Memory: 433341040 Bytes (565182464)
2021-10-06 23:12:09,006 [INFO] UtilMem:74 - After build in PCC Used Memory: 486818416 Bytes (565182464)
2021-10-06 23:12:09,068 [INFO] ApiDbMcu:468 - Load IP Config File for FREERTOS
2021-10-06 23:12:09,079 [INFO] ApiDbMcu:468 - Load IP Config File for USB_DEVICE
2021-10-06 23:12:09,104 [INFO] IPUIPlugin:74 - create IPUIPlugin
2021-10-06 23:12:09,104 [INFO] IPUIPlugin:74 - create IPUIPlugin
2021-10-06 23:12:09,104 [INFO] IPUIPlugin:74 - create IPUIPlugin
2021-10-06 23:12:09,104 [INFO] IPUIPlugin:74 - create IPUIPlugin
2021-10-06 23:12:09,104 [INFO] IPUIPlugin:74 - create IPUIPlugin
2021-10-06 23:12:09,104 [INFO] IPUIPlugin:74 - create IPUIPlugin
2021-10-06 23:12:09,104 [INFO] IPUIPlugin:74 - create IPUIPlugin
2021-10-06 23:12:09,104 [INFO] IPUIPlugin:74 - create IPUIPlugin
2021-10-06 23:12:09,105 [INFO] IPUIPlugin:74 - create IPUIPlugin
2021-10-06 23:12:09,105 [INFO] IPUIPlugin:74 - create IPUIPlugin
2021-10-06 23:12:09,105 [INFO] IPUIPlugin:74 - create IPUIPlugin
2021-10-06 23:12:09,105 [INFO] IPUIPlugin:74 - create IPUIPlugin
2021-10-06 23:12:09,105 [INFO] IPUIPlugin:74 - create IPUIPlugin
2021-10-06 23:12:09,105 [INFO] IPUIPlugin:74 - create IPUIPlugin
2021-10-06 23:12:09,105 [INFO] IPUIPlugin:74 - create IPUIPlugin
2021-10-06 23:12:09,105 [INFO] IPUIPlugin:74 - create IPUIPlugin
2021-10-06 23:12:09,106 [INFO] IPUIPlugin:74 - create IPUIPlugin
2021-10-06 23:12:09,106 [INFO] IPUIPlugin:74 - create IPUIPlugin
2021-10-06 23:12:09,106 [INFO] IPUIPlugin:74 - create IPUIPlugin
2021-10-06 23:12:09,106 [INFO] IPUIPlugin:74 - create IPUIPlugin
2021-10-06 23:12:09,106 [INFO] IPUIPlugin:74 - create IPUIPlugin
2021-10-06 23:12:09,106 [INFO] IPUIPlugin:74 - create IPUIPlugin
2021-10-06 23:12:09,106 [INFO] IPUIPlugin:74 - create IPUIPlugin
2021-10-06 23:12:09,106 [INFO] IPUIPlugin:74 - create IPUIPlugin
2021-10-06 23:12:09,107 [INFO] IPUIPlugin:74 - create IPUIPlugin
2021-10-06 23:12:09,107 [INFO] IPUIPlugin:74 - create IPUIPlugin
2021-10-06 23:12:09,107 [INFO] IPUIPlugin:74 - create IPUIPlugin
2021-10-06 23:12:09,115 [WARN] IP:2125 - I2C_Coeff_DF not found: check if there is a RefParameter without a condition.
2021-10-06 23:12:09,115 [WARN] IP:2125 - Analog_Filter not found: check if there is a RefParameter without a condition.
2021-10-06 23:12:09,160 [WARN] FreeRTOS:999 - Null or empty value: should not occur! (nothing added to the table)
2021-10-06 23:12:09,249 [INFO] RtosManager:604 - Active RTOS found at IOC load: FREERTOS [Cortex-M3NS]
2021-10-06 23:12:09,251 [INFO] OpenFileManager:333 - Restore cursor
2021-10-06 23:12:09,324 [WARN] IP:2125 - I2C_Coeff_DF not found: check if there is a RefParameter without a condition.
2021-10-06 23:12:09,324 [WARN] IP:2125 - Analog_Filter not found: check if there is a RefParameter without a condition.
2021-10-06 23:12:09,325 [WARN] IP:2125 - I2C_Coeff_DF not found: check if there is a RefParameter without a condition.
2021-10-06 23:12:09,325 [WARN] IP:2125 - Analog_Filter not found: check if there is a RefParameter without a condition.
2021-10-06 23:12:09,563 [INFO] UtilMem:74 - End SaveConfig() Used Memory: 476449488 Bytes (565182464)
2021-10-06 23:12:09,608 [INFO] UtilMem:74 - End SaveConfig() Used Memory: 487461584 Bytes (565182464)
2021-10-06 23:12:25,981 [INFO] McuFinderGlobals:52 - Set McuFinderConnectedMode to true
2021-10-06 23:12:25,985 [INFO] ApiDb:276 - Save user favorites file /home/cthornton/.stm32cubeide/favorites.mcus.txt: 0 item(s)
2021-10-06 23:12:25,985 [INFO] ApiDb:280 - User favorites MCUs=[]
2021-10-06 23:12:30,796 [ERROR] RtosPanel:552 - Can not restore the selected Tab for FREERTOS(A reason can be that the tab is no more available.)
2021-10-06 23:12:42,809 [INFO] ApiDbMcu:468 - Load IP Config File for FATFS
2021-10-06 23:13:55,940 [INFO] UtilMem:74 - End SaveConfig() Used Memory: 416042136 Bytes (665845760)
2021-10-06 23:13:59,727 [INFO] UtilMem:74 - End SaveConfig() Used Memory: 447499416 Bytes (665845760)
2021-10-06 23:14:00,072 [INFO] BlockDiagram:2740 - set Specific Code input for plugin: RTC
2021-10-06 23:14:00,073 [INFO] BlockDiagram:2740 - set Specific Code input for plugin: SPI
2021-10-06 23:14:00,073 [INFO] BlockDiagram:2740 - set Specific Code input for plugin: NVIC
2021-10-06 23:14:00,073 [INFO] BlockDiagram:2740 - set Specific Code input for plugin: WWDG
2021-10-06 23:14:00,073 [INFO] BlockDiagram:2740 - set Specific Code input for plugin: FREERTOS
2021-10-06 23:14:00,073 [INFO] BlockDiagram:2740 - set Specific Code input for plugin: USB_DEVICE
2021-10-06 23:14:00,073 [INFO] BlockDiagram:2740 - set Specific Code input for plugin: USB
2021-10-06 23:14:00,073 [INFO] BlockDiagram:2740 - set Specific Code input for plugin: SYS
2021-10-06 23:14:00,073 [INFO] BlockDiagram:2740 - set Specific Code input for plugin: GPIO
2021-10-06 23:14:00,073 [INFO] BlockDiagram:2740 - set Specific Code input for plugin: ADC
2021-10-06 23:14:00,073 [INFO] BlockDiagram:2740 - set Specific Code input for plugin: RCC
2021-10-06 23:14:00,074 [INFO] BlockDiagram:2740 - set Specific Code input for plugin: I2C
2021-10-06 23:14:00,074 [INFO] BlockDiagram:2740 - set Specific Code input for plugin: FATFS
2021-10-06 23:14:00,074 [INFO] CodeGenerator:663 - code generatio: config db path: /home/cthornton/Downloads/en.st-stm32cubeide_1.7.0_10852_20210715_0634_amd64.sh_v1.7.0/makeself_dir_k5fivQ/y/plugins/com.st.stm32cube.common.mx_6.3.0.202107141111//db/
2021-10-06 23:14:00,105 [WARN] IP:2125 - I2C_Coeff_DF not found: check if there is a RefParameter without a condition.
2021-10-06 23:14:00,105 [WARN] IP:2125 - Analog_Filter not found: check if there is a RefParameter without a condition.
2021-10-06 23:14:00,447 [INFO] CodeEngine:239 - oldGeneratedFile, /home/cthornton/Desktop/ECEN4013Project2/ECEN4013Project2/MXTmpFiles/license.tmp_save
2021-10-06 23:14:00,913 [INFO] CodeEngine:257 - Generated code: /home/cthornton/Desktop/ECEN4013Project2/ECEN4013Project2/MXTmpFiles/license.tmp
2021-10-06 23:14:00,945 [INFO] CodeEngine:239 - oldGeneratedFile, /home/cthornton/Desktop/ECEN4013Project2/ECEN4013Project2/MXTmpFiles/gpio.tmp_save
2021-10-06 23:14:01,025 [INFO] CodeEngine:257 - Generated code: /home/cthornton/Desktop/ECEN4013Project2/ECEN4013Project2/MXTmpFiles/gpio.tmp
2021-10-06 23:14:01,070 [INFO] CodeEngine:239 - oldGeneratedFile, /home/cthornton/Desktop/ECEN4013Project2/ECEN4013Project2/MXTmpFiles/usb_vars.tmp_save
2021-10-06 23:14:01,173 [INFO] CodeEngine:257 - Generated code: /home/cthornton/Desktop/ECEN4013Project2/ECEN4013Project2/MXTmpFiles/usb_vars.tmp
2021-10-06 23:14:01,175 [INFO] CodeEngine:239 - oldGeneratedFile, /home/cthornton/Desktop/ECEN4013Project2/ECEN4013Project2/MXTmpFiles/usb_inc.tmp_save
2021-10-06 23:14:01,271 [INFO] CodeEngine:257 - Generated code: /home/cthornton/Desktop/ECEN4013Project2/ECEN4013Project2/MXTmpFiles/usb_inc.tmp
2021-10-06 23:14:01,272 [INFO] CodeEngine:239 - oldGeneratedFile, /home/cthornton/Desktop/ECEN4013Project2/ECEN4013Project2/MXTmpFiles/usb_HalInit.tmp_save
2021-10-06 23:14:01,372 [INFO] CodeEngine:257 - Generated code: /home/cthornton/Desktop/ECEN4013Project2/ECEN4013Project2/MXTmpFiles/usb_HalInit.tmp
2021-10-06 23:14:01,373 [INFO] CodeEngine:239 - oldGeneratedFile, /home/cthornton/Desktop/ECEN4013Project2/ECEN4013Project2/MXTmpFiles/usb_Msp.tmp_save
2021-10-06 23:14:01,489 [INFO] CodeEngine:257 - Generated code: /home/cthornton/Desktop/ECEN4013Project2/ECEN4013Project2/MXTmpFiles/usb_Msp.tmp
2021-10-06 23:14:01,594 [ERROR] IPConfigManager:1513 - ERROR: the RefConfig I2C_Analogue is not available in your config.xml file
2021-10-06 23:14:01,594 [ERROR] IPConfigManager:1513 - ERROR: the RefConfig I2C_DigitalFolter is not available in your config.xml file
2021-10-06 23:14:01,706 [INFO] Middleware:1388 - No code input for Bsp Dependency
2021-10-06 23:14:01,709 [INFO] CodeEngine:239 - oldGeneratedFile, /home/cthornton/Desktop/ECEN4013Project2/ECEN4013Project2/MXTmpFiles/rtos_inc.tmp_save
2021-10-06 23:14:01,771 [INFO] CodeEngine:257 - Generated code: /home/cthornton/Desktop/ECEN4013Project2/ECEN4013Project2/MXTmpFiles/rtos_inc.tmp
2021-10-06 23:14:01,772 [INFO] CodeEngine:239 - oldGeneratedFile, /home/cthornton/Desktop/ECEN4013Project2/ECEN4013Project2/MXTmpFiles/rtos_kernelInit.tmp_save
2021-10-06 23:14:01,867 [INFO] CodeEngine:257 - Generated code: /home/cthornton/Desktop/ECEN4013Project2/ECEN4013Project2/MXTmpFiles/rtos_kernelInit.tmp
2021-10-06 23:14:01,868 [INFO] CodeEngine:239 - oldGeneratedFile, /home/cthornton/Desktop/ECEN4013Project2/ECEN4013Project2/MXTmpFiles/rtos_kernelStart.tmp_save
2021-10-06 23:14:01,947 [INFO] CodeEngine:257 - Generated code: /home/cthornton/Desktop/ECEN4013Project2/ECEN4013Project2/MXTmpFiles/rtos_kernelStart.tmp
2021-10-06 23:14:01,947 [INFO] CodeEngine:239 - oldGeneratedFile, /home/cthornton/Desktop/ECEN4013Project2/ECEN4013Project2/MXTmpFiles/rtos_typedefs.tmp_save
2021-10-06 23:14:01,999 [INFO] CodeEngine:257 - Generated code: /home/cthornton/Desktop/ECEN4013Project2/ECEN4013Project2/MXTmpFiles/rtos_typedefs.tmp
2021-10-06 23:14:02,000 [INFO] CodeEngine:239 - oldGeneratedFile, /home/cthornton/Desktop/ECEN4013Project2/ECEN4013Project2/MXTmpFiles/rtos_vars.tmp_save
2021-10-06 23:14:02,057 [INFO] CodeEngine:257 - Generated code: /home/cthornton/Desktop/ECEN4013Project2/ECEN4013Project2/MXTmpFiles/rtos_vars.tmp
2021-10-06 23:14:02,059 [INFO] CodeEngine:239 - oldGeneratedFile, /home/cthornton/Desktop/ECEN4013Project2/ECEN4013Project2/MXTmpFiles/rtos_pfp.tmp_save
2021-10-06 23:14:02,140 [INFO] CodeEngine:257 - Generated code: /home/cthornton/Desktop/ECEN4013Project2/ECEN4013Project2/MXTmpFiles/rtos_pfp.tmp
2021-10-06 23:14:02,141 [INFO] CodeEngine:239 - oldGeneratedFile, /home/cthornton/Desktop/ECEN4013Project2/ECEN4013Project2/MXTmpFiles/rtos_obj_creat.tmp_save
2021-10-06 23:14:02,189 [INFO] CodeEngine:257 - Generated code: /home/cthornton/Desktop/ECEN4013Project2/ECEN4013Project2/MXTmpFiles/rtos_obj_creat.tmp
2021-10-06 23:14:02,190 [INFO] CodeEngine:239 - oldGeneratedFile, /home/cthornton/Desktop/ECEN4013Project2/ECEN4013Project2/MXTmpFiles/rtos_default_thread.tmp_save
2021-10-06 23:14:02,236 [INFO] CodeEngine:257 - Generated code: /home/cthornton/Desktop/ECEN4013Project2/ECEN4013Project2/MXTmpFiles/rtos_default_thread.tmp
2021-10-06 23:14:02,236 [INFO] CodeEngine:239 - oldGeneratedFile, /home/cthornton/Desktop/ECEN4013Project2/ECEN4013Project2/MXTmpFiles/rtos_threads.tmp_save
2021-10-06 23:14:02,302 [INFO] CodeEngine:257 - Generated code: /home/cthornton/Desktop/ECEN4013Project2/ECEN4013Project2/MXTmpFiles/rtos_threads.tmp
2021-10-06 23:14:02,303 [INFO] CodeEngine:239 - oldGeneratedFile, /home/cthornton/Desktop/ECEN4013Project2/ECEN4013Project2/Core/Inc/FreeRTOSConfig.h_save
2021-10-06 23:14:02,413 [INFO] CodeEngine:257 - Generated code: /home/cthornton/Desktop/ECEN4013Project2/ECEN4013Project2/Core/Inc/FreeRTOSConfig.h
2021-10-06 23:14:02,414 [INFO] CodeEngine:239 - oldGeneratedFile, /home/cthornton/Desktop/ECEN4013Project2/ECEN4013Project2/Core/Src/freertos.c_save
2021-10-06 23:14:02,488 [INFO] CodeEngine:257 - Generated code: /home/cthornton/Desktop/ECEN4013Project2/ECEN4013Project2/Core/Src/freertos.c
2021-10-06 23:14:02,494 [INFO] Middleware:1388 - No code input for Bsp Dependency
2021-10-06 23:14:02,496 [INFO] CodeEngine:239 - oldGeneratedFile, /home/cthornton/Desktop/ECEN4013Project2/ECEN4013Project2/MXTmpFiles/fatfs_HalInit.tmp_save
2021-10-06 23:14:02,542 [INFO] CodeEngine:257 - Generated code: /home/cthornton/Desktop/ECEN4013Project2/ECEN4013Project2/MXTmpFiles/fatfs_HalInit.tmp
2021-10-06 23:14:02,543 [INFO] CodeEngine:239 - oldGeneratedFile, /home/cthornton/Desktop/ECEN4013Project2/ECEN4013Project2/MXTmpFiles/fatfs_vars.tmp_save
2021-10-06 23:14:02,601 [INFO] CodeEngine:257 - Generated code: /home/cthornton/Desktop/ECEN4013Project2/ECEN4013Project2/MXTmpFiles/fatfs_vars.tmp
2021-10-06 23:14:02,602 [INFO] CodeEngine:239 - oldGeneratedFile, /home/cthornton/Desktop/ECEN4013Project2/ECEN4013Project2/MXTmpFiles/fatfs_ext_vars.tmp_save
2021-10-06 23:14:02,649 [INFO] CodeEngine:257 - Generated code: /home/cthornton/Desktop/ECEN4013Project2/ECEN4013Project2/MXTmpFiles/fatfs_ext_vars.tmp
2021-10-06 23:14:02,650 [INFO] CodeEngine:239 - oldGeneratedFile, /home/cthornton/Desktop/ECEN4013Project2/ECEN4013Project2/MXTmpFiles/fatfs_inc.tmp_save
2021-10-06 23:14:02,696 [INFO] CodeEngine:257 - Generated code: /home/cthornton/Desktop/ECEN4013Project2/ECEN4013Project2/MXTmpFiles/fatfs_inc.tmp
2021-10-06 23:14:02,697 [INFO] CodeEngine:239 - oldGeneratedFile, /home/cthornton/Desktop/ECEN4013Project2/ECEN4013Project2/FATFS/Target/ffconf.h_save
2021-10-06 23:14:02,756 [INFO] CodeEngine:257 - Generated code: /home/cthornton/Desktop/ECEN4013Project2/ECEN4013Project2/FATFS/Target/ffconf.h
2021-10-06 23:14:02,756 [INFO] CodeEngine:239 - oldGeneratedFile, /home/cthornton/Desktop/ECEN4013Project2/ECEN4013Project2/FATFS/Target/user_diskio.c_save
2021-10-06 23:14:02,808 [INFO] CodeEngine:257 - Generated code: /home/cthornton/Desktop/ECEN4013Project2/ECEN4013Project2/FATFS/Target/user_diskio.c
2021-10-06 23:14:02,809 [INFO] CodeEngine:239 - oldGeneratedFile, /home/cthornton/Desktop/ECEN4013Project2/ECEN4013Project2/FATFS/Target/user_diskio.h_save
2021-10-06 23:14:02,858 [INFO] CodeEngine:257 - Generated code: /home/cthornton/Desktop/ECEN4013Project2/ECEN4013Project2/FATFS/Target/user_diskio.h
2021-10-06 23:14:02,859 [INFO] CodeEngine:239 - oldGeneratedFile, /home/cthornton/Desktop/ECEN4013Project2/ECEN4013Project2/FATFS/App/fatfs.c_save
2021-10-06 23:14:02,914 [INFO] CodeEngine:257 - Generated code: /home/cthornton/Desktop/ECEN4013Project2/ECEN4013Project2/FATFS/App/fatfs.c
2021-10-06 23:14:02,915 [INFO] CodeEngine:239 - oldGeneratedFile, /home/cthornton/Desktop/ECEN4013Project2/ECEN4013Project2/FATFS/App/fatfs.h_save
2021-10-06 23:14:02,971 [INFO] CodeEngine:257 - Generated code: /home/cthornton/Desktop/ECEN4013Project2/ECEN4013Project2/FATFS/App/fatfs.h
2021-10-06 23:14:02,977 [INFO] Middleware:1388 - No code input for Bsp Dependency
2021-10-06 23:14:02,979 [INFO] CodeEngine:239 - oldGeneratedFile, /home/cthornton/Desktop/ECEN4013Project2/ECEN4013Project2/USB_DEVICE/App/usb_device.c_save
2021-10-06 23:14:03,036 [INFO] CodeEngine:257 - Generated code: /home/cthornton/Desktop/ECEN4013Project2/ECEN4013Project2/USB_DEVICE/App/usb_device.c
2021-10-06 23:14:03,037 [INFO] CodeEngine:239 - oldGeneratedFile, /home/cthornton/Desktop/ECEN4013Project2/ECEN4013Project2/USB_DEVICE/App/usb_device.h_save
2021-10-06 23:14:03,082 [INFO] CodeEngine:257 - Generated code: /home/cthornton/Desktop/ECEN4013Project2/ECEN4013Project2/USB_DEVICE/App/usb_device.h
2021-10-06 23:14:03,083 [INFO] CodeEngine:239 - oldGeneratedFile, /home/cthornton/Desktop/ECEN4013Project2/ECEN4013Project2/USB_DEVICE/Target/usbd_conf.h_save
2021-10-06 23:14:03,155 [INFO] CodeEngine:257 - Generated code: /home/cthornton/Desktop/ECEN4013Project2/ECEN4013Project2/USB_DEVICE/Target/usbd_conf.h
2021-10-06 23:14:03,155 [INFO] CodeEngine:239 - oldGeneratedFile, /home/cthornton/Desktop/ECEN4013Project2/ECEN4013Project2/USB_DEVICE/Target/usbd_conf.c_save
2021-10-06 23:14:03,240 [INFO] CodeEngine:257 - Generated code: /home/cthornton/Desktop/ECEN4013Project2/ECEN4013Project2/USB_DEVICE/Target/usbd_conf.c
2021-10-06 23:14:03,241 [INFO] CodeEngine:239 - oldGeneratedFile, /home/cthornton/Desktop/ECEN4013Project2/ECEN4013Project2/USB_DEVICE/App/usbd_desc.h_save
2021-10-06 23:14:03,315 [INFO] CodeEngine:257 - Generated code: /home/cthornton/Desktop/ECEN4013Project2/ECEN4013Project2/USB_DEVICE/App/usbd_desc.h
2021-10-06 23:14:03,317 [INFO] CodeEngine:239 - oldGeneratedFile, /home/cthornton/Desktop/ECEN4013Project2/ECEN4013Project2/USB_DEVICE/App/usbd_desc.c_save
2021-10-06 23:14:03,391 [INFO] CodeEngine:257 - Generated code: /home/cthornton/Desktop/ECEN4013Project2/ECEN4013Project2/USB_DEVICE/App/usbd_desc.c
2021-10-06 23:14:03,392 [INFO] CodeEngine:239 - oldGeneratedFile, /home/cthornton/Desktop/ECEN4013Project2/ECEN4013Project2/USB_DEVICE/App/usbd_cdc_if.h_save
2021-10-06 23:14:03,449 [INFO] CodeEngine:257 - Generated code: /home/cthornton/Desktop/ECEN4013Project2/ECEN4013Project2/USB_DEVICE/App/usbd_cdc_if.h
2021-10-06 23:14:03,450 [INFO] CodeEngine:239 - oldGeneratedFile, /home/cthornton/Desktop/ECEN4013Project2/ECEN4013Project2/USB_DEVICE/App/usbd_cdc_if.c_save
2021-10-06 23:14:03,493 [INFO] CodeEngine:257 - Generated code: /home/cthornton/Desktop/ECEN4013Project2/ECEN4013Project2/USB_DEVICE/App/usbd_cdc_if.c
2021-10-06 23:14:03,496 [INFO] CodeEngine:239 - oldGeneratedFile, /home/cthornton/Desktop/ECEN4013Project2/ECEN4013Project2/Core/Src/stm32f1xx_it.c_save
2021-10-06 23:14:03,585 [INFO] CodeEngine:257 - Generated code: /home/cthornton/Desktop/ECEN4013Project2/ECEN4013Project2/Core/Src/stm32f1xx_it.c
2021-10-06 23:14:03,586 [INFO] CodeEngine:239 - oldGeneratedFile, /home/cthornton/Desktop/ECEN4013Project2/ECEN4013Project2/Core/Inc/stm32f1xx_it.h_save
2021-10-06 23:14:03,639 [INFO] CodeEngine:257 - Generated code: /home/cthornton/Desktop/ECEN4013Project2/ECEN4013Project2/Core/Inc/stm32f1xx_it.h
2021-10-06 23:14:03,642 [INFO] CodeEngine:239 - oldGeneratedFile, /home/cthornton/Desktop/ECEN4013Project2/ECEN4013Project2/Core/Src/stm32f1xx_hal_msp.c_save
2021-10-06 23:14:03,740 [INFO] CodeEngine:257 - Generated code: /home/cthornton/Desktop/ECEN4013Project2/ECEN4013Project2/Core/Src/stm32f1xx_hal_msp.c
2021-10-06 23:14:03,741 [INFO] CodeEngine:239 - oldGeneratedFile, /home/cthornton/Desktop/ECEN4013Project2/ECEN4013Project2/MXTmpFiles/system.tmp_save
2021-10-06 23:14:03,780 [INFO] CodeEngine:257 - Generated code: /home/cthornton/Desktop/ECEN4013Project2/ECEN4013Project2/MXTmpFiles/system.tmp
2021-10-06 23:14:03,781 [INFO] CodeEngine:239 - oldGeneratedFile, /home/cthornton/Desktop/ECEN4013Project2/ECEN4013Project2/Core/Src/stm32f1xx_hal_timebase_tim.c_save
2021-10-06 23:14:03,820 [INFO] CodeEngine:257 - Generated code: /home/cthornton/Desktop/ECEN4013Project2/ECEN4013Project2/Core/Src/stm32f1xx_hal_timebase_tim.c
2021-10-06 23:14:03,822 [INFO] CodeEngine:239 - oldGeneratedFile, /home/cthornton/Desktop/ECEN4013Project2/ECEN4013Project2/Core/Inc/stm32f1xx_hal_conf.h_save
2021-10-06 23:14:03,890 [INFO] CodeEngine:257 - Generated code: /home/cthornton/Desktop/ECEN4013Project2/ECEN4013Project2/Core/Inc/stm32f1xx_hal_conf.h
2021-10-06 23:14:03,941 [INFO] CodeEngine:239 - oldGeneratedFile, /home/cthornton/Desktop/ECEN4013Project2/ECEN4013Project2/Core/Inc/main.h_save
2021-10-06 23:14:04,014 [INFO] CodeEngine:257 - Generated code: /home/cthornton/Desktop/ECEN4013Project2/ECEN4013Project2/Core/Inc/main.h
2021-10-06 23:14:04,015 [INFO] CodeEngine:239 - oldGeneratedFile, /home/cthornton/Desktop/ECEN4013Project2/ECEN4013Project2/Core/Src/main.c_save
2021-10-06 23:14:04,147 [INFO] CodeEngine:257 - Generated code: /home/cthornton/Desktop/ECEN4013Project2/ECEN4013Project2/Core/Src/main.c
2021-10-06 23:14:04,855 [INFO] ProjectBuilder:2578 - Time for Copy HAL[1] : 64mS.
2021-10-06 23:14:04,867 [INFO] ProjectBuilder:3622 - Project Generator version: 3.14.1
2021-10-06 23:14:05,242 [INFO] ConfigFileManager:1271 - The Die is : DIE410
2021-10-06 23:14:08,913 [INFO] ProjectBuilder:3789 - Time for Generating toolchain IDE Files: 4046mS.
2021-10-06 23:14:08,914 [INFO] ProjectBuilder:2457 - Time for Copy CMSIS : 1mS.
2021-10-06 23:14:08,915 [INFO] ProjectBuilder:2457 - Time for Copy CMSIS : 0mS.
2021-10-06 23:31:35,534 [INFO] Activator:177 - 


2021-10-06 23:31:35,536 [INFO] Activator:178 - !SESSION log4j initialized
2021-10-08 17:40:59,032 [INFO] Activator:177 - 


2021-10-08 17:40:59,034 [INFO] Activator:178 - !SESSION log4j initialized
