16:07:54 **** Incremental Build of configuration Debug for project BackupPlan ****
make -j12 all 
arm-none-eabi-gcc "../Src/usbd_conf.c" -mcpu=cortex-m7 -std=gnu11 -g3 -DDEBUG -DUSE_HAL_DRIVER -DSTM32F746xx -DSTM32_THREAD_SAFE_STRATEGY=4 -c -I../Inc -I../Drivers/STM32F7xx_HAL_Driver/Inc -I../Drivers/STM32F7xx_HAL_Driver/Inc/Legacy -I../Middlewares/Third_Party/FreeRTOS/Source/include -I../Middlewares/Third_Party/FreeRTOS/Source/CMSIS_RTOS_V2 -I../Middlewares/Third_Party/FreeRTOS/Source/portable/GCC/ARM_CM7/r0p1 -I../Middlewares/Third_Party/FatFs/src -I../Middlewares/ST/STM32_USB_Device_Library/Core/Inc -I../Middlewares/ST/STM32_USB_Device_Library/Class/CDC/Inc -I../Drivers/CMSIS/Device/ST/STM32F7xx/Include -I../Drivers/CMSIS/Include -I../ThreadSafe -O0 -ffunction-sections -fdata-sections -Wall -fstack-usage -MMD -MP -MF"Src/usbd_conf.d" -MT"Src/usbd_conf.o" --specs=nano.specs -mfpu=fpv5-sp-d16 -mfloat-abi=hard -mthumb -o "Src/usbd_conf.o"
arm-none-eabi-g++ -o "BackupPlan.elf" @"objects.list"   -mcpu=cortex-m7 -T"/home/cthornton/data/local/college/classes/2021bF/ECEN4013/Project 2/ECEN4013Project2/EmbeddedCode/BackupPlan/STM32F746ZGTX_FLASH.ld" -Wl,-Map="BackupPlan.map" -Wl,--gc-sections -static --specs=nano.specs -mfpu=fpv5-sp-d16 -mfloat-abi=hard -mthumb -Wl,--start-group -lc -lm -lstdc++ -lsupc++ -Wl,--end-group
Finished building target: BackupPlan.elf
 
arm-none-eabi-size   BackupPlan.elf 
arm-none-eabi-objdump -h -S  BackupPlan.elf  > "BackupPlan.list"
arm-none-eabi-objcopy  -O binary  BackupPlan.elf  "BackupPlan.bin"
   text	   data	    bss	    dec	    hex	filename
  47824	    532	  28348	  76704	  12ba0	BackupPlan.elf
Finished building: default.size.stdout
 
Finished building: BackupPlan.bin
 
Finished building: BackupPlan.list
 
16:21:32 **** Incremental Build of configuration Debug for project BackupPlan ****
make -j12 all 
arm-none-eabi-g++ "../Src/main.cpp" -mcpu=cortex-m7 -std=gnu++14 -g3 -DDEBUG -DUSE_HAL_DRIVER -DSTM32F746xx -DSTM32_THREAD_SAFE_STRATEGY=4 -c -I../Inc -I../Drivers/STM32F7xx_HAL_Driver/Inc -I../Drivers/STM32F7xx_HAL_Driver/Inc/Legacy -I../Middlewares/Third_Party/FreeRTOS/Source/include -I../Middlewares/Third_Party/FreeRTOS/Source/CMSIS_RTOS_V2 -I../Middlewares/Third_Party/FreeRTOS/Source/portable/GCC/ARM_CM7/r0p1 -I../Middlewares/Third_Party/FatFs/src -I../Middlewares/ST/STM32_USB_Device_Library/Core/Inc -I../Middlewares/ST/STM32_USB_Device_Library/Class/CDC/Inc -I../Drivers/CMSIS/Device/ST/STM32F7xx/Include -I../Drivers/CMSIS/Include -I../ThreadSafe -O0 -ffunction-sections -fdata-sections -fno-exceptions -fno-rtti -fno-use-cxa-atexit -Wall -fstack-usage -MMD -MP -MF"Src/main.d" -MT"Src/main.o" --specs=nano.specs -mfpu=fpv5-sp-d16 -mfloat-abi=hard -mthumb -o "Src/main.o"
arm-none-eabi-g++ -o "BackupPlan.elf" @"objects.list"   -mcpu=cortex-m7 -T"/home/cthornton/data/local/college/classes/2021bF/ECEN4013/Project 2/ECEN4013Project2/EmbeddedCode/BackupPlan/STM32F746ZGTX_FLASH.ld" -Wl,-Map="BackupPlan.map" -Wl,--gc-sections -static --specs=nano.specs -mfpu=fpv5-sp-d16 -mfloat-abi=hard -mthumb -Wl,--start-group -lc -lm -lstdc++ -lsupc++ -Wl,--end-group
Finished building target: BackupPlan.elf
 
arm-none-eabi-size   BackupPlan.elf 
arm-none-eabi-objdump -h -S  BackupPlan.elf  > "BackupPlan.list"
arm-none-eabi-objcopy  -O binary  BackupPlan.elf  "BackupPlan.bin"
   text	   data	    bss	    dec	    hex	filename
  47884	    532	  28348	  76764	  12bdc	BackupPlan.elf
Finished building: default.size.stdout
 
Finished building: BackupPlan.bin
 
Finished building: BackupPlan.list
 
